<?xml version="1.0" encoding="UTF-8"?>
<testng-results total="286" passed="0" failed="0" skipped="286">
  <reporter-output>
    <line>
      <![CDATA[After Class]]>
    </line>
    <line>
      <![CDATA[After Class]]>
    </line>
    <line>
      <![CDATA[After Class]]>
    </line>
    <line>
      <![CDATA[After Class]]>
    </line>
    <line>
      <![CDATA[After Class]]>
    </line>
    <line>
      <![CDATA[After Class]]>
    </line>
    <line>
      <![CDATA[After Class]]>
    </line>
    <line>
      <![CDATA[After Class]]>
    </line>
    <line>
      <![CDATA[After Class]]>
    </line>
    <line>
      <![CDATA[After Class]]>
    </line>
  </reporter-output>
  <suite started-at="2020-02-16T03:27:39Z" name="Surefire suite" finished-at="2020-02-16T03:27:40Z" duration-ms="148">
    <groups>
    </groups>
    <test started-at="2020-02-16T03:27:39Z" name="Surefire test" finished-at="2020-02-16T03:27:40Z" duration-ms="148">
      <class name="example.NewBlogPageTest">
        <test-method is-config="true" signature="beforeClass(java.lang.String, java.lang.String, java.lang.String, java.lang.String, java.lang.String, java.lang.String, java.lang.String)[pri:0, instance:example.NewBlogPageTest@ba2f4ec]" started-at="2020-02-15T19:27:40Z" name="beforeClass" finished-at="2020-02-15T19:27:40Z" duration-ms="0" status="SKIP">
          <reporter-output>
          </reporter-output>
        </test-method> <!-- beforeClass -->
        <test-method is-config="true" signature="logout()[pri:0, instance:example.NewBlogPageTest@ba2f4ec]" started-at="2020-02-15T19:27:40Z" name="logout" finished-at="2020-02-15T19:27:40Z" duration-ms="0" status="SKIP">
          <reporter-output>
          </reporter-output>
        </test-method> <!-- logout -->
        <test-method signature="shouldDisplayNewBlogPageHeading(org.openqa.selenium.Dimension)[pri:0, instance:example.NewBlogPageTest@ba2f4ec]" started-at="2020-02-15T19:27:40Z" name="shouldDisplayNewBlogPageHeading" data-provider="all-size" finished-at="2020-02-15T19:27:40Z" duration-ms="0" status="SKIP">
          <params>
            <param index="0">
              <value>
                <![CDATA[(1440, 1000)]]>
              </value>
            </param>
          </params>
          <reporter-output>
          </reporter-output>
        </test-method> <!-- shouldDisplayNewBlogPageHeading -->
        <test-method signature="shouldDisplayNewBlogPageHeading(org.openqa.selenium.Dimension)[pri:0, instance:example.NewBlogPageTest@ba2f4ec]" started-at="2020-02-15T19:27:40Z" name="shouldDisplayNewBlogPageHeading" data-provider="all-size" finished-at="2020-02-15T19:27:40Z" duration-ms="0" status="SKIP">
          <params>
            <param index="0">
              <value>
                <![CDATA[(768, 1000)]]>
              </value>
            </param>
          </params>
          <reporter-output>
          </reporter-output>
        </test-method> <!-- shouldDisplayNewBlogPageHeading -->
        <test-method is-config="true" signature="logout()[pri:0, instance:example.NewBlogPageTest@ba2f4ec]" started-at="2020-02-15T19:27:40Z" name="logout" finished-at="2020-02-15T19:27:40Z" duration-ms="0" status="SKIP">
          <reporter-output>
          </reporter-output>
        </test-method> <!-- logout -->
        <test-method signature="shouldDisplayNewBlogPageHeading(org.openqa.selenium.Dimension)[pri:0, instance:example.NewBlogPageTest@ba2f4ec]" started-at="2020-02-15T19:27:40Z" name="shouldDisplayNewBlogPageHeading" data-provider="all-size" finished-at="2020-02-15T19:27:40Z" duration-ms="0" status="SKIP">
          <params>
            <param index="0">
              <value>
                <![CDATA[(320, 1000)]]>
              </value>
            </param>
          </params>
          <reporter-output>
          </reporter-output>
        </test-method> <!-- shouldDisplayNewBlogPageHeading -->
        <test-method is-config="true" signature="logout()[pri:0, instance:example.NewBlogPageTest@ba2f4ec]" started-at="2020-02-15T19:27:40Z" name="logout" finished-at="2020-02-15T19:27:40Z" duration-ms="0" status="SKIP">
          <reporter-output>
          </reporter-output>
        </test-method> <!-- logout -->
        <test-method signature="shouldDisplayNewBlogPageHeading(org.openqa.selenium.Dimension)[pri:0, instance:example.NewBlogPageTest@ba2f4ec]" started-at="2020-02-15T19:27:40Z" name="shouldDisplayNewBlogPageHeading" data-provider="all-size" finished-at="2020-02-15T19:27:40Z" duration-ms="0" status="SKIP">
          <params>
            <param index="0">
              <value>
                <![CDATA[(1024, 1000)]]>
              </value>
            </param>
          </params>
          <reporter-output>
          </reporter-output>
        </test-method> <!-- shouldDisplayNewBlogPageHeading -->
        <test-method is-config="true" signature="logout()[pri:0, instance:example.NewBlogPageTest@ba2f4ec]" started-at="2020-02-15T19:27:40Z" name="logout" finished-at="2020-02-15T19:27:40Z" duration-ms="0" status="SKIP">
          <reporter-output>
          </reporter-output>
        </test-method> <!-- logout -->
        <test-method signature="shouldNotDisplayNonPublishedBlogAtBlogListPage(org.openqa.selenium.Dimension)[pri:0, instance:example.NewBlogPageTest@ba2f4ec]" started-at="2020-02-15T19:27:40Z" name="shouldNotDisplayNonPublishedBlogAtBlogListPage" data-provider="desktop" finished-at="2020-02-15T19:27:40Z" duration-ms="0" status="SKIP">
          <params>
            <param index="0">
              <value>
                <![CDATA[(1440, 1000)]]>
              </value>
            </param>
          </params>
          <reporter-output>
          </reporter-output>
        </test-method> <!-- shouldNotDisplayNonPublishedBlogAtBlogListPage -->
        <test-method is-config="true" signature="logout()[pri:0, instance:example.NewBlogPageTest@ba2f4ec]" started-at="2020-02-15T19:27:40Z" name="logout" finished-at="2020-02-15T19:27:40Z" duration-ms="0" status="SKIP">
          <reporter-output>
          </reporter-output>
        </test-method> <!-- logout -->
        <test-method signature="shouldDisplayPublishedBlogAtBlogListPage(org.openqa.selenium.Dimension)[pri:0, instance:example.NewBlogPageTest@ba2f4ec]" started-at="2020-02-15T19:27:40Z" name="shouldDisplayPublishedBlogAtBlogListPage" data-provider="desktop" finished-at="2020-02-15T19:27:40Z" duration-ms="0" status="SKIP">
          <params>
            <param index="0">
              <value>
                <![CDATA[(1440, 1000)]]>
              </value>
            </param>
          </params>
          <reporter-output>
          </reporter-output>
        </test-method> <!-- shouldDisplayPublishedBlogAtBlogListPage -->
        <test-method signature="shouldPublishNewBlog(org.openqa.selenium.Dimension)[pri:0, instance:example.NewBlogPageTest@ba2f4ec]" started-at="2020-02-15T19:27:40Z" name="shouldPublishNewBlog" data-provider="all-size" finished-at="2020-02-15T19:27:40Z" duration-ms="0" status="SKIP">
          <params>
            <param index="0">
              <value>
                <![CDATA[(320, 1000)]]>
              </value>
            </param>
          </params>
          <reporter-output>
          </reporter-output>
        </test-method> <!-- shouldPublishNewBlog -->
        <test-method is-config="true" signature="logout()[pri:0, instance:example.NewBlogPageTest@ba2f4ec]" started-at="2020-02-15T19:27:40Z" name="logout" finished-at="2020-02-15T19:27:40Z" duration-ms="0" status="SKIP">
          <reporter-output>
          </reporter-output>
        </test-method> <!-- logout -->
        <test-method signature="shouldPublishNewBlog(org.openqa.selenium.Dimension)[pri:0, instance:example.NewBlogPageTest@ba2f4ec]" started-at="2020-02-15T19:27:40Z" name="shouldPublishNewBlog" data-provider="all-size" finished-at="2020-02-15T19:27:40Z" duration-ms="0" status="SKIP">
          <params>
            <param index="0">
              <value>
                <![CDATA[(768, 1000)]]>
              </value>
            </param>
          </params>
          <reporter-output>
          </reporter-output>
        </test-method> <!-- shouldPublishNewBlog -->
        <test-method is-config="true" signature="logout()[pri:0, instance:example.NewBlogPageTest@ba2f4ec]" started-at="2020-02-15T19:27:40Z" name="logout" finished-at="2020-02-15T19:27:40Z" duration-ms="0" status="SKIP">
          <reporter-output>
          </reporter-output>
        </test-method> <!-- logout -->
        <test-method signature="shouldPublishNewBlog(org.openqa.selenium.Dimension)[pri:0, instance:example.NewBlogPageTest@ba2f4ec]" started-at="2020-02-15T19:27:40Z" name="shouldPublishNewBlog" data-provider="all-size" finished-at="2020-02-15T19:27:40Z" duration-ms="0" status="SKIP">
          <params>
            <param index="0">
              <value>
                <![CDATA[(1024, 1000)]]>
              </value>
            </param>
          </params>
          <reporter-output>
          </reporter-output>
        </test-method> <!-- shouldPublishNewBlog -->
        <test-method is-config="true" signature="logout()[pri:0, instance:example.NewBlogPageTest@ba2f4ec]" started-at="2020-02-15T19:27:40Z" name="logout" finished-at="2020-02-15T19:27:40Z" duration-ms="0" status="SKIP">
          <reporter-output>
          </reporter-output>
        </test-method> <!-- logout -->
        <test-method is-config="true" signature="logout()[pri:0, instance:example.NewBlogPageTest@ba2f4ec]" started-at="2020-02-15T19:27:40Z" name="logout" finished-at="2020-02-15T19:27:40Z" duration-ms="0" status="SKIP">
          <reporter-output>
          </reporter-output>
        </test-method> <!-- logout -->
        <test-method signature="shouldPublishNewBlog(org.openqa.selenium.Dimension)[pri:0, instance:example.NewBlogPageTest@ba2f4ec]" started-at="2020-02-15T19:27:40Z" name="shouldPublishNewBlog" data-provider="all-size" finished-at="2020-02-15T19:27:40Z" duration-ms="1" status="SKIP">
          <params>
            <param index="0">
              <value>
                <![CDATA[(1440, 1000)]]>
              </value>
            </param>
          </params>
          <reporter-output>
          </reporter-output>
        </test-method> <!-- shouldPublishNewBlog -->
        <test-method is-config="true" signature="logout()[pri:0, instance:example.NewBlogPageTest@ba2f4ec]" started-at="2020-02-15T19:27:40Z" name="logout" finished-at="2020-02-15T19:27:40Z" duration-ms="0" status="SKIP">
          <reporter-output>
          </reporter-output>
        </test-method> <!-- logout -->
        <test-method signature="shouldSaveNewBlog(org.openqa.selenium.Dimension)[pri:0, instance:example.NewBlogPageTest@ba2f4ec]" started-at="2020-02-15T19:27:40Z" name="shouldSaveNewBlog" data-provider="all-size" finished-at="2020-02-15T19:27:40Z" duration-ms="0" status="SKIP">
          <params>
            <param index="0">
              <value>
                <![CDATA[(1024, 1000)]]>
              </value>
            </param>
          </params>
          <reporter-output>
          </reporter-output>
        </test-method> <!-- shouldSaveNewBlog -->
        <test-method is-config="true" signature="logout()[pri:0, instance:example.NewBlogPageTest@ba2f4ec]" started-at="2020-02-15T19:27:40Z" name="logout" finished-at="2020-02-15T19:27:40Z" duration-ms="0" status="SKIP">
          <reporter-output>
          </reporter-output>
        </test-method> <!-- logout -->
        <test-method signature="shouldSaveNewBlog(org.openqa.selenium.Dimension)[pri:0, instance:example.NewBlogPageTest@ba2f4ec]" started-at="2020-02-15T19:27:40Z" name="shouldSaveNewBlog" data-provider="all-size" finished-at="2020-02-15T19:27:40Z" duration-ms="0" status="SKIP">
          <params>
            <param index="0">
              <value>
                <![CDATA[(768, 1000)]]>
              </value>
            </param>
          </params>
          <reporter-output>
          </reporter-output>
        </test-method> <!-- shouldSaveNewBlog -->
        <test-method is-config="true" signature="logout()[pri:0, instance:example.NewBlogPageTest@ba2f4ec]" started-at="2020-02-15T19:27:40Z" name="logout" finished-at="2020-02-15T19:27:40Z" duration-ms="0" status="SKIP">
          <reporter-output>
          </reporter-output>
        </test-method> <!-- logout -->
        <test-method signature="shouldSaveNewBlog(org.openqa.selenium.Dimension)[pri:0, instance:example.NewBlogPageTest@ba2f4ec]" started-at="2020-02-15T19:27:40Z" name="shouldSaveNewBlog" data-provider="all-size" finished-at="2020-02-15T19:27:40Z" duration-ms="0" status="SKIP">
          <params>
            <param index="0">
              <value>
                <![CDATA[(320, 1000)]]>
              </value>
            </param>
          </params>
          <reporter-output>
          </reporter-output>
        </test-method> <!-- shouldSaveNewBlog -->
        <test-method is-config="true" signature="afterClass()[pri:0, instance:example.NewBlogPageTest@ba2f4ec]" started-at="2020-02-15T19:27:40Z" name="afterClass" finished-at="2020-02-15T19:27:40Z" duration-ms="0" status="FAIL">
          <exception class="java.lang.NullPointerException">
            <full-stacktrace>
              <![CDATA[java.lang.NullPointerException
	at example.BaseTest.afterClass(BaseTest.java:134)
	at java.base/jdk.internal.reflect.NativeMethodAccessorImpl.invoke0(Native Method)
	at java.base/jdk.internal.reflect.NativeMethodAccessorImpl.invoke(NativeMethodAccessorImpl.java:62)
	at java.base/jdk.internal.reflect.DelegatingMethodAccessorImpl.invoke(DelegatingMethodAccessorImpl.java:43)
	at java.base/java.lang.reflect.Method.invoke(Method.java:566)
	at org.testng.internal.MethodInvocationHelper.invokeMethod(MethodInvocationHelper.java:80)
	at org.testng.internal.Invoker.invokeConfigurationMethod(Invoker.java:564)
	at org.testng.internal.Invoker.invokeConfigurations(Invoker.java:213)
	at org.testng.internal.Invoker.invokeConfigurations(Invoker.java:138)
	at org.testng.internal.TestMethodWorker.invokeAfterClassMethods(TestMethodWorker.java:225)
	at org.testng.internal.TestMethodWorker.run(TestMethodWorker.java:114)
	at org.testng.TestRunner.privateRun(TestRunner.java:767)
	at org.testng.TestRunner.run(TestRunner.java:617)
	at org.testng.SuiteRunner.runTest(SuiteRunner.java:334)
	at org.testng.SuiteRunner.runSequentially(SuiteRunner.java:329)
	at org.testng.SuiteRunner.privateRun(SuiteRunner.java:291)
	at org.testng.SuiteRunner.run(SuiteRunner.java:240)
	at org.testng.SuiteRunnerWorker.runSuite(SuiteRunnerWorker.java:52)
	at org.testng.SuiteRunnerWorker.run(SuiteRunnerWorker.java:86)
	at org.testng.TestNG.runSuitesSequentially(TestNG.java:1198)
	at org.testng.TestNG.runSuitesLocally(TestNG.java:1123)
	at org.testng.TestNG.run(TestNG.java:1031)
	at org.apache.maven.surefire.testng.TestNGExecutor.run(TestNGExecutor.java:135)
	at org.apache.maven.surefire.testng.TestNGDirectoryTestSuite.executeMulti(TestNGDirectoryTestSuite.java:193)
	at org.apache.maven.surefire.testng.TestNGDirectoryTestSuite.execute(TestNGDirectoryTestSuite.java:94)
	at org.apache.maven.surefire.testng.TestNGProvider.invoke(TestNGProvider.java:146)
	at org.apache.maven.surefire.booter.ForkedBooter.invokeProviderInSameClassLoader(ForkedBooter.java:384)
	at org.apache.maven.surefire.booter.ForkedBooter.runSuitesInProcess(ForkedBooter.java:345)
	at org.apache.maven.surefire.booter.ForkedBooter.execute(ForkedBooter.java:126)
	at org.apache.maven.surefire.booter.ForkedBooter.main(ForkedBooter.java:418)
]]>
            </full-stacktrace>
          </exception> <!-- java.lang.NullPointerException -->
          <reporter-output>
            <line>
              <![CDATA[After Class]]>
            </line>
          </reporter-output>
        </test-method> <!-- afterClass -->
        <test-method is-config="true" signature="logout()[pri:0, instance:example.NewBlogPageTest@ba2f4ec]" started-at="2020-02-15T19:27:40Z" name="logout" finished-at="2020-02-15T19:27:40Z" duration-ms="0" status="SKIP">
          <reporter-output>
          </reporter-output>
        </test-method> <!-- logout -->
        <test-method signature="shouldSaveNewBlog(org.openqa.selenium.Dimension)[pri:0, instance:example.NewBlogPageTest@ba2f4ec]" started-at="2020-02-15T19:27:40Z" name="shouldSaveNewBlog" data-provider="all-size" finished-at="2020-02-15T19:27:40Z" duration-ms="0" status="SKIP">
          <params>
            <param index="0">
              <value>
                <![CDATA[(1440, 1000)]]>
              </value>
            </param>
          </params>
          <reporter-output>
          </reporter-output>
        </test-method> <!-- shouldSaveNewBlog -->
        <test-method is-config="true" signature="logout()[pri:0, instance:example.NewBlogPageTest@ba2f4ec]" started-at="2020-02-15T19:27:40Z" name="logout" finished-at="2020-02-15T19:27:40Z" duration-ms="0" status="SKIP">
          <reporter-output>
          </reporter-output>
        </test-method> <!-- logout -->
      </class> <!-- example.NewBlogPageTest -->
      <class name="example.UpdateBlogPageTest">
        <test-method signature="shouldDisplayUpdateBlogPageHeading(org.openqa.selenium.Dimension)[pri:0, instance:example.UpdateBlogPageTest@1c1bbc4e]" started-at="2020-02-15T19:27:40Z" name="shouldDisplayUpdateBlogPageHeading" data-provider="all-size" finished-at="2020-02-15T19:27:40Z" duration-ms="1" status="SKIP">
          <params>
            <param index="0">
              <value>
                <![CDATA[(320, 1000)]]>
              </value>
            </param>
          </params>
          <reporter-output>
          </reporter-output>
        </test-method> <!-- shouldDisplayUpdateBlogPageHeading -->
        <test-method is-config="true" signature="beforeClass(java.lang.String, java.lang.String, java.lang.String, java.lang.String, java.lang.String, java.lang.String, java.lang.String)[pri:0, instance:example.UpdateBlogPageTest@1c1bbc4e]" started-at="2020-02-15T19:27:40Z" name="beforeClass" finished-at="2020-02-15T19:27:40Z" duration-ms="0" status="SKIP">
          <reporter-output>
          </reporter-output>
        </test-method> <!-- beforeClass -->
        <test-method is-config="true" signature="logout()[pri:0, instance:example.UpdateBlogPageTest@1c1bbc4e]" started-at="2020-02-15T19:27:40Z" name="logout" finished-at="2020-02-15T19:27:40Z" duration-ms="0" status="SKIP">
          <reporter-output>
          </reporter-output>
        </test-method> <!-- logout -->
        <test-method signature="shouldDisplayPublishedBlogAtBlogListPage(org.openqa.selenium.Dimension)[pri:0, instance:example.UpdateBlogPageTest@1c1bbc4e]" started-at="2020-02-15T19:27:40Z" name="shouldDisplayPublishedBlogAtBlogListPage" data-provider="laptop" finished-at="2020-02-15T19:27:40Z" duration-ms="0" status="SKIP">
          <params>
            <param index="0">
              <value>
                <![CDATA[(1024, 1000)]]>
              </value>
            </param>
          </params>
          <reporter-output>
          </reporter-output>
        </test-method> <!-- shouldDisplayPublishedBlogAtBlogListPage -->
        <test-method signature="shouldDisplayUpdateBlogPageHeading(org.openqa.selenium.Dimension)[pri:0, instance:example.UpdateBlogPageTest@1c1bbc4e]" started-at="2020-02-15T19:27:40Z" name="shouldDisplayUpdateBlogPageHeading" data-provider="all-size" finished-at="2020-02-15T19:27:40Z" duration-ms="0" status="SKIP">
          <params>
            <param index="0">
              <value>
                <![CDATA[(1024, 1000)]]>
              </value>
            </param>
          </params>
          <reporter-output>
          </reporter-output>
        </test-method> <!-- shouldDisplayUpdateBlogPageHeading -->
        <test-method is-config="true" signature="logout()[pri:0, instance:example.UpdateBlogPageTest@1c1bbc4e]" started-at="2020-02-15T19:27:40Z" name="logout" finished-at="2020-02-15T19:27:40Z" duration-ms="0" status="SKIP">
          <reporter-output>
          </reporter-output>
        </test-method> <!-- logout -->
        <test-method is-config="true" signature="logout()[pri:0, instance:example.UpdateBlogPageTest@1c1bbc4e]" started-at="2020-02-15T19:27:40Z" name="logout" finished-at="2020-02-15T19:27:40Z" duration-ms="0" status="SKIP">
          <reporter-output>
          </reporter-output>
        </test-method> <!-- logout -->
        <test-method is-config="true" signature="logout()[pri:0, instance:example.UpdateBlogPageTest@1c1bbc4e]" started-at="2020-02-15T19:27:40Z" name="logout" finished-at="2020-02-15T19:27:40Z" duration-ms="0" status="SKIP">
          <reporter-output>
          </reporter-output>
        </test-method> <!-- logout -->
        <test-method signature="shouldDisplayUpdateBlogPageHeading(org.openqa.selenium.Dimension)[pri:0, instance:example.UpdateBlogPageTest@1c1bbc4e]" started-at="2020-02-15T19:27:40Z" name="shouldDisplayUpdateBlogPageHeading" data-provider="all-size" finished-at="2020-02-15T19:27:40Z" duration-ms="0" status="SKIP">
          <params>
            <param index="0">
              <value>
                <![CDATA[(768, 1000)]]>
              </value>
            </param>
          </params>
          <reporter-output>
          </reporter-output>
        </test-method> <!-- shouldDisplayUpdateBlogPageHeading -->
        <test-method is-config="true" signature="logout()[pri:0, instance:example.UpdateBlogPageTest@1c1bbc4e]" started-at="2020-02-15T19:27:40Z" name="logout" finished-at="2020-02-15T19:27:40Z" duration-ms="0" status="SKIP">
          <reporter-output>
          </reporter-output>
        </test-method> <!-- logout -->
        <test-method signature="shouldDisplayUpdateBlogPageHeading(org.openqa.selenium.Dimension)[pri:0, instance:example.UpdateBlogPageTest@1c1bbc4e]" started-at="2020-02-15T19:27:40Z" name="shouldDisplayUpdateBlogPageHeading" data-provider="all-size" finished-at="2020-02-15T19:27:40Z" duration-ms="0" status="SKIP">
          <params>
            <param index="0">
              <value>
                <![CDATA[(1440, 1000)]]>
              </value>
            </param>
          </params>
          <reporter-output>
          </reporter-output>
        </test-method> <!-- shouldDisplayUpdateBlogPageHeading -->
        <test-method signature="shouldPublishUpdateBlog(org.openqa.selenium.Dimension)[pri:0, instance:example.UpdateBlogPageTest@1c1bbc4e]" started-at="2020-02-15T19:27:40Z" name="shouldPublishUpdateBlog" data-provider="all-size" finished-at="2020-02-15T19:27:40Z" duration-ms="0" status="SKIP">
          <params>
            <param index="0">
              <value>
                <![CDATA[(320, 1000)]]>
              </value>
            </param>
          </params>
          <reporter-output>
          </reporter-output>
        </test-method> <!-- shouldPublishUpdateBlog -->
        <test-method is-config="true" signature="logout()[pri:0, instance:example.UpdateBlogPageTest@1c1bbc4e]" started-at="2020-02-15T19:27:40Z" name="logout" finished-at="2020-02-15T19:27:40Z" duration-ms="0" status="SKIP">
          <reporter-output>
          </reporter-output>
        </test-method> <!-- logout -->
        <test-method signature="shouldPublishUpdateBlog(org.openqa.selenium.Dimension)[pri:0, instance:example.UpdateBlogPageTest@1c1bbc4e]" started-at="2020-02-15T19:27:40Z" name="shouldPublishUpdateBlog" data-provider="all-size" finished-at="2020-02-15T19:27:40Z" duration-ms="1" status="SKIP">
          <params>
            <param index="0">
              <value>
                <![CDATA[(768, 1000)]]>
              </value>
            </param>
          </params>
          <reporter-output>
          </reporter-output>
        </test-method> <!-- shouldPublishUpdateBlog -->
        <test-method signature="shouldNotDisplayNonPublishedBlogAtBlogListPage(org.openqa.selenium.Dimension)[pri:0, instance:example.UpdateBlogPageTest@1c1bbc4e]" started-at="2020-02-15T19:27:40Z" name="shouldNotDisplayNonPublishedBlogAtBlogListPage" data-provider="laptop" finished-at="2020-02-15T19:27:40Z" duration-ms="0" status="SKIP">
          <params>
            <param index="0">
              <value>
                <![CDATA[(1024, 1000)]]>
              </value>
            </param>
          </params>
          <reporter-output>
          </reporter-output>
        </test-method> <!-- shouldNotDisplayNonPublishedBlogAtBlogListPage -->
        <test-method is-config="true" signature="logout()[pri:0, instance:example.UpdateBlogPageTest@1c1bbc4e]" started-at="2020-02-15T19:27:40Z" name="logout" finished-at="2020-02-15T19:27:40Z" duration-ms="0" status="SKIP">
          <reporter-output>
          </reporter-output>
        </test-method> <!-- logout -->
        <test-method is-config="true" signature="logout()[pri:0, instance:example.UpdateBlogPageTest@1c1bbc4e]" started-at="2020-02-15T19:27:40Z" name="logout" finished-at="2020-02-15T19:27:40Z" duration-ms="0" status="SKIP">
          <reporter-output>
          </reporter-output>
        </test-method> <!-- logout -->
        <test-method signature="shouldPublishUpdateBlog(org.openqa.selenium.Dimension)[pri:0, instance:example.UpdateBlogPageTest@1c1bbc4e]" started-at="2020-02-15T19:27:40Z" name="shouldPublishUpdateBlog" data-provider="all-size" finished-at="2020-02-15T19:27:40Z" duration-ms="0" status="SKIP">
          <params>
            <param index="0">
              <value>
                <![CDATA[(1440, 1000)]]>
              </value>
            </param>
          </params>
          <reporter-output>
          </reporter-output>
        </test-method> <!-- shouldPublishUpdateBlog -->
        <test-method is-config="true" signature="logout()[pri:0, instance:example.UpdateBlogPageTest@1c1bbc4e]" started-at="2020-02-15T19:27:40Z" name="logout" finished-at="2020-02-15T19:27:40Z" duration-ms="0" status="SKIP">
          <reporter-output>
          </reporter-output>
        </test-method> <!-- logout -->
        <test-method signature="shouldPublishUpdateBlog(org.openqa.selenium.Dimension)[pri:0, instance:example.UpdateBlogPageTest@1c1bbc4e]" started-at="2020-02-15T19:27:40Z" name="shouldPublishUpdateBlog" data-provider="all-size" finished-at="2020-02-15T19:27:40Z" duration-ms="0" status="SKIP">
          <params>
            <param index="0">
              <value>
                <![CDATA[(1024, 1000)]]>
              </value>
            </param>
          </params>
          <reporter-output>
          </reporter-output>
        </test-method> <!-- shouldPublishUpdateBlog -->
        <test-method signature="shouldSaveUpdateBlog(org.openqa.selenium.Dimension)[pri:0, instance:example.UpdateBlogPageTest@1c1bbc4e]" started-at="2020-02-15T19:27:40Z" name="shouldSaveUpdateBlog" data-provider="all-size" finished-at="2020-02-15T19:27:40Z" duration-ms="0" status="SKIP">
          <params>
            <param index="0">
              <value>
                <![CDATA[(320, 1000)]]>
              </value>
            </param>
          </params>
          <reporter-output>
          </reporter-output>
        </test-method> <!-- shouldSaveUpdateBlog -->
        <test-method is-config="true" signature="logout()[pri:0, instance:example.UpdateBlogPageTest@1c1bbc4e]" started-at="2020-02-15T19:27:40Z" name="logout" finished-at="2020-02-15T19:27:40Z" duration-ms="0" status="SKIP">
          <reporter-output>
          </reporter-output>
        </test-method> <!-- logout -->
        <test-method is-config="true" signature="logout()[pri:0, instance:example.UpdateBlogPageTest@1c1bbc4e]" started-at="2020-02-15T19:27:40Z" name="logout" finished-at="2020-02-15T19:27:40Z" duration-ms="0" status="SKIP">
          <reporter-output>
          </reporter-output>
        </test-method> <!-- logout -->
        <test-method is-config="true" signature="logout()[pri:0, instance:example.UpdateBlogPageTest@1c1bbc4e]" started-at="2020-02-15T19:27:40Z" name="logout" finished-at="2020-02-15T19:27:40Z" duration-ms="0" status="SKIP">
          <reporter-output>
          </reporter-output>
        </test-method> <!-- logout -->
        <test-method signature="shouldSaveUpdateBlog(org.openqa.selenium.Dimension)[pri:0, instance:example.UpdateBlogPageTest@1c1bbc4e]" started-at="2020-02-15T19:27:40Z" name="shouldSaveUpdateBlog" data-provider="all-size" finished-at="2020-02-15T19:27:40Z" duration-ms="0" status="SKIP">
          <params>
            <param index="0">
              <value>
                <![CDATA[(1440, 1000)]]>
              </value>
            </param>
          </params>
          <reporter-output>
          </reporter-output>
        </test-method> <!-- shouldSaveUpdateBlog -->
        <test-method signature="shouldSaveUpdateBlog(org.openqa.selenium.Dimension)[pri:0, instance:example.UpdateBlogPageTest@1c1bbc4e]" started-at="2020-02-15T19:27:40Z" name="shouldSaveUpdateBlog" data-provider="all-size" finished-at="2020-02-15T19:27:40Z" duration-ms="0" status="SKIP">
          <params>
            <param index="0">
              <value>
                <![CDATA[(768, 1000)]]>
              </value>
            </param>
          </params>
          <reporter-output>
          </reporter-output>
        </test-method> <!-- shouldSaveUpdateBlog -->
        <test-method is-config="true" signature="logout()[pri:0, instance:example.UpdateBlogPageTest@1c1bbc4e]" started-at="2020-02-15T19:27:40Z" name="logout" finished-at="2020-02-15T19:27:40Z" duration-ms="0" status="SKIP">
          <reporter-output>
          </reporter-output>
        </test-method> <!-- logout -->
        <test-method signature="shouldSaveUpdateBlog(org.openqa.selenium.Dimension)[pri:0, instance:example.UpdateBlogPageTest@1c1bbc4e]" started-at="2020-02-15T19:27:40Z" name="shouldSaveUpdateBlog" data-provider="all-size" finished-at="2020-02-15T19:27:40Z" duration-ms="0" status="SKIP">
          <params>
            <param index="0">
              <value>
                <![CDATA[(1024, 1000)]]>
              </value>
            </param>
          </params>
          <reporter-output>
          </reporter-output>
        </test-method> <!-- shouldSaveUpdateBlog -->
        <test-method is-config="true" signature="afterClass()[pri:0, instance:example.UpdateBlogPageTest@1c1bbc4e]" started-at="2020-02-15T19:27:40Z" name="afterClass" finished-at="2020-02-15T19:27:40Z" duration-ms="0" status="FAIL">
          <exception class="java.lang.NullPointerException">
            <full-stacktrace>
              <![CDATA[java.lang.NullPointerException
	at example.BaseTest.afterClass(BaseTest.java:134)
	at java.base/jdk.internal.reflect.NativeMethodAccessorImpl.invoke0(Native Method)
	at java.base/jdk.internal.reflect.NativeMethodAccessorImpl.invoke(NativeMethodAccessorImpl.java:62)
	at java.base/jdk.internal.reflect.DelegatingMethodAccessorImpl.invoke(DelegatingMethodAccessorImpl.java:43)
	at java.base/java.lang.reflect.Method.invoke(Method.java:566)
	at org.testng.internal.MethodInvocationHelper.invokeMethod(MethodInvocationHelper.java:80)
	at org.testng.internal.Invoker.invokeConfigurationMethod(Invoker.java:564)
	at org.testng.internal.Invoker.invokeConfigurations(Invoker.java:213)
	at org.testng.internal.Invoker.invokeConfigurations(Invoker.java:138)
	at org.testng.internal.TestMethodWorker.invokeAfterClassMethods(TestMethodWorker.java:225)
	at org.testng.internal.TestMethodWorker.run(TestMethodWorker.java:114)
	at org.testng.TestRunner.privateRun(TestRunner.java:767)
	at org.testng.TestRunner.run(TestRunner.java:617)
	at org.testng.SuiteRunner.runTest(SuiteRunner.java:334)
	at org.testng.SuiteRunner.runSequentially(SuiteRunner.java:329)
	at org.testng.SuiteRunner.privateRun(SuiteRunner.java:291)
	at org.testng.SuiteRunner.run(SuiteRunner.java:240)
	at org.testng.SuiteRunnerWorker.runSuite(SuiteRunnerWorker.java:52)
	at org.testng.SuiteRunnerWorker.run(SuiteRunnerWorker.java:86)
	at org.testng.TestNG.runSuitesSequentially(TestNG.java:1198)
	at org.testng.TestNG.runSuitesLocally(TestNG.java:1123)
	at org.testng.TestNG.run(TestNG.java:1031)
	at org.apache.maven.surefire.testng.TestNGExecutor.run(TestNGExecutor.java:135)
	at org.apache.maven.surefire.testng.TestNGDirectoryTestSuite.executeMulti(TestNGDirectoryTestSuite.java:193)
	at org.apache.maven.surefire.testng.TestNGDirectoryTestSuite.execute(TestNGDirectoryTestSuite.java:94)
	at org.apache.maven.surefire.testng.TestNGProvider.invoke(TestNGProvider.java:146)
	at org.apache.maven.surefire.booter.ForkedBooter.invokeProviderInSameClassLoader(ForkedBooter.java:384)
	at org.apache.maven.surefire.booter.ForkedBooter.runSuitesInProcess(ForkedBooter.java:345)
	at org.apache.maven.surefire.booter.ForkedBooter.execute(ForkedBooter.java:126)
	at org.apache.maven.surefire.booter.ForkedBooter.main(ForkedBooter.java:418)
]]>
            </full-stacktrace>
          </exception> <!-- java.lang.NullPointerException -->
          <reporter-output>
            <line>
              <![CDATA[After Class]]>
            </line>
          </reporter-output>
        </test-method> <!-- afterClass -->
        <test-method is-config="true" signature="logout()[pri:0, instance:example.UpdateBlogPageTest@1c1bbc4e]" started-at="2020-02-15T19:27:40Z" name="logout" finished-at="2020-02-15T19:27:40Z" duration-ms="0" status="SKIP">
          <reporter-output>
          </reporter-output>
        </test-method> <!-- logout -->
      </class> <!-- example.UpdateBlogPageTest -->
      <class name="example.LoginPageTest">
        <test-method signature="shouldDisplayEmailInputEmptyValidationErrorWhenItIsFocused(org.openqa.selenium.Dimension)[pri:0, instance:example.LoginPageTest@1ce24091]" started-at="2020-02-15T19:27:40Z" name="shouldDisplayEmailInputEmptyValidationErrorWhenItIsFocused" data-provider="all-size" finished-at="2020-02-15T19:27:40Z" duration-ms="0" status="SKIP">
          <params>
            <param index="0">
              <value>
                <![CDATA[(768, 1000)]]>
              </value>
            </param>
          </params>
          <reporter-output>
          </reporter-output>
        </test-method> <!-- shouldDisplayEmailInputEmptyValidationErrorWhenItIsFocused -->
        <test-method signature="shouldDisplayConfirmInputEmptyValidationErrorWhenItIsFocused(org.openqa.selenium.Dimension)[pri:0, instance:example.LoginPageTest@1ce24091]" started-at="2020-02-15T19:27:40Z" name="shouldDisplayConfirmInputEmptyValidationErrorWhenItIsFocused" data-provider="all-size" finished-at="2020-02-15T19:27:40Z" duration-ms="0" status="SKIP">
          <params>
            <param index="0">
              <value>
                <![CDATA[(1024, 1000)]]>
              </value>
            </param>
          </params>
          <reporter-output>
          </reporter-output>
        </test-method> <!-- shouldDisplayConfirmInputEmptyValidationErrorWhenItIsFocused -->
        <test-method signature="shouldDisplayEmailInputEmptyValidationErrorWhenItIsFocused(org.openqa.selenium.Dimension)[pri:0, instance:example.LoginPageTest@1ce24091]" started-at="2020-02-15T19:27:40Z" name="shouldDisplayEmailInputEmptyValidationErrorWhenItIsFocused" data-provider="all-size" finished-at="2020-02-15T19:27:40Z" duration-ms="0" status="SKIP">
          <params>
            <param index="0">
              <value>
                <![CDATA[(320, 1000)]]>
              </value>
            </param>
          </params>
          <reporter-output>
          </reporter-output>
        </test-method> <!-- shouldDisplayEmailInputEmptyValidationErrorWhenItIsFocused -->
        <test-method signature="shouldDisplayConfirmInputEmptyValidationErrorWhenItIsFocused(org.openqa.selenium.Dimension)[pri:0, instance:example.LoginPageTest@1ce24091]" started-at="2020-02-15T19:27:40Z" name="shouldDisplayConfirmInputEmptyValidationErrorWhenItIsFocused" data-provider="all-size" finished-at="2020-02-15T19:27:40Z" duration-ms="0" status="SKIP">
          <params>
            <param index="0">
              <value>
                <![CDATA[(320, 1000)]]>
              </value>
            </param>
          </params>
          <reporter-output>
          </reporter-output>
        </test-method> <!-- shouldDisplayConfirmInputEmptyValidationErrorWhenItIsFocused -->
        <test-method signature="shouldDisplayConfirmInputEmptyValidationErrorWhenItIsFocused(org.openqa.selenium.Dimension)[pri:0, instance:example.LoginPageTest@1ce24091]" started-at="2020-02-15T19:27:40Z" name="shouldDisplayConfirmInputEmptyValidationErrorWhenItIsFocused" data-provider="all-size" finished-at="2020-02-15T19:27:40Z" duration-ms="0" status="SKIP">
          <params>
            <param index="0">
              <value>
                <![CDATA[(1440, 1000)]]>
              </value>
            </param>
          </params>
          <reporter-output>
          </reporter-output>
        </test-method> <!-- shouldDisplayConfirmInputEmptyValidationErrorWhenItIsFocused -->
        <test-method signature="shouldDisplayEmailInputEmptyValidationErrorWhenItIsFocused(org.openqa.selenium.Dimension)[pri:0, instance:example.LoginPageTest@1ce24091]" started-at="2020-02-15T19:27:40Z" name="shouldDisplayEmailInputEmptyValidationErrorWhenItIsFocused" data-provider="all-size" finished-at="2020-02-15T19:27:40Z" duration-ms="0" status="SKIP">
          <params>
            <param index="0">
              <value>
                <![CDATA[(1024, 1000)]]>
              </value>
            </param>
          </params>
          <reporter-output>
          </reporter-output>
        </test-method> <!-- shouldDisplayEmailInputEmptyValidationErrorWhenItIsFocused -->
        <test-method signature="shouldDisplayConfirmInputEmptyValidationErrorWhenItIsFocused(org.openqa.selenium.Dimension)[pri:0, instance:example.LoginPageTest@1ce24091]" started-at="2020-02-15T19:27:40Z" name="shouldDisplayConfirmInputEmptyValidationErrorWhenItIsFocused" data-provider="all-size" finished-at="2020-02-15T19:27:40Z" duration-ms="0" status="SKIP">
          <params>
            <param index="0">
              <value>
                <![CDATA[(768, 1000)]]>
              </value>
            </param>
          </params>
          <reporter-output>
          </reporter-output>
        </test-method> <!-- shouldDisplayConfirmInputEmptyValidationErrorWhenItIsFocused -->
        <test-method is-config="true" signature="beforeClass(java.lang.String, java.lang.String, java.lang.String, java.lang.String, java.lang.String, java.lang.String, java.lang.String)[pri:0, instance:example.LoginPageTest@1ce24091]" started-at="2020-02-15T19:27:40Z" name="beforeClass" finished-at="2020-02-15T19:27:40Z" duration-ms="0" status="SKIP">
          <reporter-output>
          </reporter-output>
        </test-method> <!-- beforeClass -->
        <test-method signature="shouldDisplayFetchErrorMessageWhenProvidedPasswordIsInvalid(org.openqa.selenium.Dimension)[pri:0, instance:example.LoginPageTest@1ce24091]" started-at="2020-02-15T19:27:40Z" name="shouldDisplayFetchErrorMessageWhenProvidedPasswordIsInvalid" data-provider="all-size" finished-at="2020-02-15T19:27:40Z" duration-ms="0" status="SKIP">
          <params>
            <param index="0">
              <value>
                <![CDATA[(1440, 1000)]]>
              </value>
            </param>
          </params>
          <reporter-output>
          </reporter-output>
        </test-method> <!-- shouldDisplayFetchErrorMessageWhenProvidedPasswordIsInvalid -->
        <test-method signature="shouldDisplayFetchErrorMessageWhenProvidedEmailDoesNotRegistered(org.openqa.selenium.Dimension)[pri:0, instance:example.LoginPageTest@1ce24091]" started-at="2020-02-15T19:27:40Z" name="shouldDisplayFetchErrorMessageWhenProvidedEmailDoesNotRegistered" data-provider="all-size" finished-at="2020-02-15T19:27:40Z" duration-ms="0" status="SKIP">
          <params>
            <param index="0">
              <value>
                <![CDATA[(1024, 1000)]]>
              </value>
            </param>
          </params>
          <reporter-output>
          </reporter-output>
        </test-method> <!-- shouldDisplayFetchErrorMessageWhenProvidedEmailDoesNotRegistered -->
        <test-method signature="shouldDisplayFetchErrorMessageWhenProvidedEmailDoesNotRegistered(org.openqa.selenium.Dimension)[pri:0, instance:example.LoginPageTest@1ce24091]" started-at="2020-02-15T19:27:40Z" name="shouldDisplayFetchErrorMessageWhenProvidedEmailDoesNotRegistered" data-provider="all-size" finished-at="2020-02-15T19:27:40Z" duration-ms="0" status="SKIP">
          <params>
            <param index="0">
              <value>
                <![CDATA[(1440, 1000)]]>
              </value>
            </param>
          </params>
          <reporter-output>
          </reporter-output>
        </test-method> <!-- shouldDisplayFetchErrorMessageWhenProvidedEmailDoesNotRegistered -->
        <test-method signature="shouldDisplayFetchErrorMessageWhenProvidedPasswordIsInvalid(org.openqa.selenium.Dimension)[pri:0, instance:example.LoginPageTest@1ce24091]" started-at="2020-02-15T19:27:40Z" name="shouldDisplayFetchErrorMessageWhenProvidedPasswordIsInvalid" data-provider="all-size" finished-at="2020-02-15T19:27:40Z" duration-ms="0" status="SKIP">
          <params>
            <param index="0">
              <value>
                <![CDATA[(768, 1000)]]>
              </value>
            </param>
          </params>
          <reporter-output>
          </reporter-output>
        </test-method> <!-- shouldDisplayFetchErrorMessageWhenProvidedPasswordIsInvalid -->
        <test-method signature="shouldDisplayFetchErrorMessageWhenProvidedEmailDoesNotRegistered(org.openqa.selenium.Dimension)[pri:0, instance:example.LoginPageTest@1ce24091]" started-at="2020-02-15T19:27:40Z" name="shouldDisplayFetchErrorMessageWhenProvidedEmailDoesNotRegistered" data-provider="all-size" finished-at="2020-02-15T19:27:40Z" duration-ms="0" status="SKIP">
          <params>
            <param index="0">
              <value>
                <![CDATA[(320, 1000)]]>
              </value>
            </param>
          </params>
          <reporter-output>
          </reporter-output>
        </test-method> <!-- shouldDisplayFetchErrorMessageWhenProvidedEmailDoesNotRegistered -->
        <test-method signature="shouldDisplayFetchErrorMessageWhenProvidedEmailDoesNotRegistered(org.openqa.selenium.Dimension)[pri:0, instance:example.LoginPageTest@1ce24091]" started-at="2020-02-15T19:27:40Z" name="shouldDisplayFetchErrorMessageWhenProvidedEmailDoesNotRegistered" data-provider="all-size" finished-at="2020-02-15T19:27:40Z" duration-ms="0" status="SKIP">
          <params>
            <param index="0">
              <value>
                <![CDATA[(768, 1000)]]>
              </value>
            </param>
          </params>
          <reporter-output>
          </reporter-output>
        </test-method> <!-- shouldDisplayFetchErrorMessageWhenProvidedEmailDoesNotRegistered -->
        <test-method signature="shouldDisplayFetchErrorMessageWhenProvidedPasswordIsInvalid(org.openqa.selenium.Dimension)[pri:0, instance:example.LoginPageTest@1ce24091]" started-at="2020-02-15T19:27:40Z" name="shouldDisplayFetchErrorMessageWhenProvidedPasswordIsInvalid" data-provider="all-size" finished-at="2020-02-15T19:27:40Z" duration-ms="0" status="SKIP">
          <params>
            <param index="0">
              <value>
                <![CDATA[(1024, 1000)]]>
              </value>
            </param>
          </params>
          <reporter-output>
          </reporter-output>
        </test-method> <!-- shouldDisplayFetchErrorMessageWhenProvidedPasswordIsInvalid -->
        <test-method signature="shouldDisplayEmailInputEmptyValidationErrorWhenItIsFocused(org.openqa.selenium.Dimension)[pri:0, instance:example.LoginPageTest@1ce24091]" started-at="2020-02-15T19:27:40Z" name="shouldDisplayEmailInputEmptyValidationErrorWhenItIsFocused" data-provider="all-size" finished-at="2020-02-15T19:27:40Z" duration-ms="0" status="SKIP">
          <params>
            <param index="0">
              <value>
                <![CDATA[(1440, 1000)]]>
              </value>
            </param>
          </params>
          <reporter-output>
          </reporter-output>
        </test-method> <!-- shouldDisplayEmailInputEmptyValidationErrorWhenItIsFocused -->
        <test-method signature="shouldDisplayFetchErrorMessageWhenProvidedPasswordIsInvalid(org.openqa.selenium.Dimension)[pri:0, instance:example.LoginPageTest@1ce24091]" started-at="2020-02-15T19:27:40Z" name="shouldDisplayFetchErrorMessageWhenProvidedPasswordIsInvalid" data-provider="all-size" finished-at="2020-02-15T19:27:40Z" duration-ms="0" status="SKIP">
          <params>
            <param index="0">
              <value>
                <![CDATA[(320, 1000)]]>
              </value>
            </param>
          </params>
          <reporter-output>
          </reporter-output>
        </test-method> <!-- shouldDisplayFetchErrorMessageWhenProvidedPasswordIsInvalid -->
        <test-method signature="shouldNotAllowToSubmitWhenAtLeastOneError(org.openqa.selenium.Dimension)[pri:0, instance:example.LoginPageTest@1ce24091]" started-at="2020-02-15T19:27:40Z" name="shouldNotAllowToSubmitWhenAtLeastOneError" data-provider="all-size" finished-at="2020-02-15T19:27:40Z" duration-ms="0" status="SKIP">
          <params>
            <param index="0">
              <value>
                <![CDATA[(768, 1000)]]>
              </value>
            </param>
          </params>
          <reporter-output>
          </reporter-output>
        </test-method> <!-- shouldNotAllowToSubmitWhenAtLeastOneError -->
        <test-method signature="shouldNotAllowToSubmitWhenAtLeastOneError(org.openqa.selenium.Dimension)[pri:0, instance:example.LoginPageTest@1ce24091]" started-at="2020-02-15T19:27:40Z" name="shouldNotAllowToSubmitWhenAtLeastOneError" data-provider="all-size" finished-at="2020-02-15T19:27:40Z" duration-ms="0" status="SKIP">
          <params>
            <param index="0">
              <value>
                <![CDATA[(1024, 1000)]]>
              </value>
            </param>
          </params>
          <reporter-output>
          </reporter-output>
        </test-method> <!-- shouldNotAllowToSubmitWhenAtLeastOneError -->
        <test-method signature="shouldDisplayPasswordInputEmptyValidationErrorWhenItIsFocused(org.openqa.selenium.Dimension)[pri:0, instance:example.LoginPageTest@1ce24091]" started-at="2020-02-15T19:27:40Z" name="shouldDisplayPasswordInputEmptyValidationErrorWhenItIsFocused" data-provider="all-size" finished-at="2020-02-15T19:27:40Z" duration-ms="0" status="SKIP">
          <params>
            <param index="0">
              <value>
                <![CDATA[(320, 1000)]]>
              </value>
            </param>
          </params>
          <reporter-output>
          </reporter-output>
        </test-method> <!-- shouldDisplayPasswordInputEmptyValidationErrorWhenItIsFocused -->
        <test-method signature="shouldNotAllowToSubmitWhenAtLeastOneError(org.openqa.selenium.Dimension)[pri:0, instance:example.LoginPageTest@1ce24091]" started-at="2020-02-15T19:27:40Z" name="shouldNotAllowToSubmitWhenAtLeastOneError" data-provider="all-size" finished-at="2020-02-15T19:27:40Z" duration-ms="0" status="SKIP">
          <params>
            <param index="0">
              <value>
                <![CDATA[(320, 1000)]]>
              </value>
            </param>
          </params>
          <reporter-output>
          </reporter-output>
        </test-method> <!-- shouldNotAllowToSubmitWhenAtLeastOneError -->
        <test-method signature="shouldNotAllowToSubmitWhenAtLeastOneError(org.openqa.selenium.Dimension)[pri:0, instance:example.LoginPageTest@1ce24091]" started-at="2020-02-15T19:27:40Z" name="shouldNotAllowToSubmitWhenAtLeastOneError" data-provider="all-size" finished-at="2020-02-15T19:27:40Z" duration-ms="0" status="SKIP">
          <params>
            <param index="0">
              <value>
                <![CDATA[(1440, 1000)]]>
              </value>
            </param>
          </params>
          <reporter-output>
          </reporter-output>
        </test-method> <!-- shouldNotAllowToSubmitWhenAtLeastOneError -->
        <test-method signature="shouldDisplayPasswordInputEmptyValidationErrorWhenItIsFocused(org.openqa.selenium.Dimension)[pri:0, instance:example.LoginPageTest@1ce24091]" started-at="2020-02-15T19:27:40Z" name="shouldDisplayPasswordInputEmptyValidationErrorWhenItIsFocused" data-provider="all-size" finished-at="2020-02-15T19:27:40Z" duration-ms="0" status="SKIP">
          <params>
            <param index="0">
              <value>
                <![CDATA[(768, 1000)]]>
              </value>
            </param>
          </params>
          <reporter-output>
          </reporter-output>
        </test-method> <!-- shouldDisplayPasswordInputEmptyValidationErrorWhenItIsFocused -->
        <test-method signature="shouldDisplayPasswordInputEmptyValidationErrorWhenItIsFocused(org.openqa.selenium.Dimension)[pri:0, instance:example.LoginPageTest@1ce24091]" started-at="2020-02-15T19:27:40Z" name="shouldDisplayPasswordInputEmptyValidationErrorWhenItIsFocused" data-provider="all-size" finished-at="2020-02-15T19:27:40Z" duration-ms="0" status="SKIP">
          <params>
            <param index="0">
              <value>
                <![CDATA[(1440, 1000)]]>
              </value>
            </param>
          </params>
          <reporter-output>
          </reporter-output>
        </test-method> <!-- shouldDisplayPasswordInputEmptyValidationErrorWhenItIsFocused -->
        <test-method signature="shouldDisplayPasswordInputEmptyValidationErrorWhenItIsFocused(org.openqa.selenium.Dimension)[pri:0, instance:example.LoginPageTest@1ce24091]" started-at="2020-02-15T19:27:40Z" name="shouldDisplayPasswordInputEmptyValidationErrorWhenItIsFocused" data-provider="all-size" finished-at="2020-02-15T19:27:40Z" duration-ms="0" status="SKIP">
          <params>
            <param index="0">
              <value>
                <![CDATA[(1024, 1000)]]>
              </value>
            </param>
          </params>
          <reporter-output>
          </reporter-output>
        </test-method> <!-- shouldDisplayPasswordInputEmptyValidationErrorWhenItIsFocused -->
        <test-method signature="shouldRouteSignupPageWhenClickTheLink(org.openqa.selenium.Dimension)[pri:0, instance:example.LoginPageTest@1ce24091]" started-at="2020-02-15T19:27:40Z" name="shouldRouteSignupPageWhenClickTheLink" data-provider="all-size" finished-at="2020-02-15T19:27:40Z" duration-ms="0" status="SKIP">
          <params>
            <param index="0">
              <value>
                <![CDATA[(320, 1000)]]>
              </value>
            </param>
          </params>
          <reporter-output>
          </reporter-output>
        </test-method> <!-- shouldRouteSignupPageWhenClickTheLink -->
        <test-method signature="shouldRouteSignupPageWhenClickTheLink(org.openqa.selenium.Dimension)[pri:0, instance:example.LoginPageTest@1ce24091]" started-at="2020-02-15T19:27:40Z" name="shouldRouteSignupPageWhenClickTheLink" data-provider="all-size" finished-at="2020-02-15T19:27:40Z" duration-ms="0" status="SKIP">
          <params>
            <param index="0">
              <value>
                <![CDATA[(768, 1000)]]>
              </value>
            </param>
          </params>
          <reporter-output>
          </reporter-output>
        </test-method> <!-- shouldRouteSignupPageWhenClickTheLink -->
        <test-method signature="shouldRouteHomePageWhenSuccessfullyLogin(org.openqa.selenium.Dimension)[pri:0, instance:example.LoginPageTest@1ce24091]" started-at="2020-02-15T19:27:40Z" name="shouldRouteHomePageWhenSuccessfullyLogin" data-provider="all-size" finished-at="2020-02-15T19:27:40Z" duration-ms="0" status="SKIP">
          <params>
            <param index="0">
              <value>
                <![CDATA[(320, 1000)]]>
              </value>
            </param>
          </params>
          <reporter-output>
          </reporter-output>
        </test-method> <!-- shouldRouteHomePageWhenSuccessfullyLogin -->
        <test-method signature="shouldRouteSignupPageWhenClickTheLink(org.openqa.selenium.Dimension)[pri:0, instance:example.LoginPageTest@1ce24091]" started-at="2020-02-15T19:27:40Z" name="shouldRouteSignupPageWhenClickTheLink" data-provider="all-size" finished-at="2020-02-15T19:27:40Z" duration-ms="0" status="SKIP">
          <params>
            <param index="0">
              <value>
                <![CDATA[(1024, 1000)]]>
              </value>
            </param>
          </params>
          <reporter-output>
          </reporter-output>
        </test-method> <!-- shouldRouteSignupPageWhenClickTheLink -->
        <test-method signature="shouldRouteHomePageWhenSuccessfullyLogin(org.openqa.selenium.Dimension)[pri:0, instance:example.LoginPageTest@1ce24091]" started-at="2020-02-15T19:27:40Z" name="shouldRouteHomePageWhenSuccessfullyLogin" data-provider="all-size" finished-at="2020-02-15T19:27:40Z" duration-ms="0" status="SKIP">
          <params>
            <param index="0">
              <value>
                <![CDATA[(768, 1000)]]>
              </value>
            </param>
          </params>
          <reporter-output>
          </reporter-output>
        </test-method> <!-- shouldRouteHomePageWhenSuccessfullyLogin -->
        <test-method signature="shouldRouteHomePageWhenSuccessfullyLogin(org.openqa.selenium.Dimension)[pri:0, instance:example.LoginPageTest@1ce24091]" started-at="2020-02-15T19:27:40Z" name="shouldRouteHomePageWhenSuccessfullyLogin" data-provider="all-size" finished-at="2020-02-15T19:27:40Z" duration-ms="0" status="SKIP">
          <params>
            <param index="0">
              <value>
                <![CDATA[(1440, 1000)]]>
              </value>
            </param>
          </params>
          <reporter-output>
          </reporter-output>
        </test-method> <!-- shouldRouteHomePageWhenSuccessfullyLogin -->
        <test-method signature="shouldRouteHomePageWhenSuccessfullyLogin(org.openqa.selenium.Dimension)[pri:0, instance:example.LoginPageTest@1ce24091]" started-at="2020-02-15T19:27:40Z" name="shouldRouteHomePageWhenSuccessfullyLogin" data-provider="all-size" finished-at="2020-02-15T19:27:40Z" duration-ms="0" status="SKIP">
          <params>
            <param index="0">
              <value>
                <![CDATA[(1024, 1000)]]>
              </value>
            </param>
          </params>
          <reporter-output>
          </reporter-output>
        </test-method> <!-- shouldRouteHomePageWhenSuccessfullyLogin -->
        <test-method signature="shouldRouteSignupPageWhenClickTheLink(org.openqa.selenium.Dimension)[pri:0, instance:example.LoginPageTest@1ce24091]" started-at="2020-02-15T19:27:40Z" name="shouldRouteSignupPageWhenClickTheLink" data-provider="all-size" finished-at="2020-02-15T19:27:40Z" duration-ms="0" status="SKIP">
          <params>
            <param index="0">
              <value>
                <![CDATA[(1440, 1000)]]>
              </value>
            </param>
          </params>
          <reporter-output>
          </reporter-output>
        </test-method> <!-- shouldRouteSignupPageWhenClickTheLink -->
        <test-method is-config="true" signature="afterClass()[pri:0, instance:example.LoginPageTest@1ce24091]" started-at="2020-02-15T19:27:40Z" name="afterClass" finished-at="2020-02-15T19:27:40Z" duration-ms="0" status="FAIL">
          <exception class="java.lang.NullPointerException">
            <full-stacktrace>
              <![CDATA[java.lang.NullPointerException
	at example.BaseTest.afterClass(BaseTest.java:134)
	at java.base/jdk.internal.reflect.NativeMethodAccessorImpl.invoke0(Native Method)
	at java.base/jdk.internal.reflect.NativeMethodAccessorImpl.invoke(NativeMethodAccessorImpl.java:62)
	at java.base/jdk.internal.reflect.DelegatingMethodAccessorImpl.invoke(DelegatingMethodAccessorImpl.java:43)
	at java.base/java.lang.reflect.Method.invoke(Method.java:566)
	at org.testng.internal.MethodInvocationHelper.invokeMethod(MethodInvocationHelper.java:80)
	at org.testng.internal.Invoker.invokeConfigurationMethod(Invoker.java:564)
	at org.testng.internal.Invoker.invokeConfigurations(Invoker.java:213)
	at org.testng.internal.Invoker.invokeConfigurations(Invoker.java:138)
	at org.testng.internal.TestMethodWorker.invokeAfterClassMethods(TestMethodWorker.java:225)
	at org.testng.internal.TestMethodWorker.run(TestMethodWorker.java:114)
	at org.testng.TestRunner.privateRun(TestRunner.java:767)
	at org.testng.TestRunner.run(TestRunner.java:617)
	at org.testng.SuiteRunner.runTest(SuiteRunner.java:334)
	at org.testng.SuiteRunner.runSequentially(SuiteRunner.java:329)
	at org.testng.SuiteRunner.privateRun(SuiteRunner.java:291)
	at org.testng.SuiteRunner.run(SuiteRunner.java:240)
	at org.testng.SuiteRunnerWorker.runSuite(SuiteRunnerWorker.java:52)
	at org.testng.SuiteRunnerWorker.run(SuiteRunnerWorker.java:86)
	at org.testng.TestNG.runSuitesSequentially(TestNG.java:1198)
	at org.testng.TestNG.runSuitesLocally(TestNG.java:1123)
	at org.testng.TestNG.run(TestNG.java:1031)
	at org.apache.maven.surefire.testng.TestNGExecutor.run(TestNGExecutor.java:135)
	at org.apache.maven.surefire.testng.TestNGDirectoryTestSuite.executeMulti(TestNGDirectoryTestSuite.java:193)
	at org.apache.maven.surefire.testng.TestNGDirectoryTestSuite.execute(TestNGDirectoryTestSuite.java:94)
	at org.apache.maven.surefire.testng.TestNGProvider.invoke(TestNGProvider.java:146)
	at org.apache.maven.surefire.booter.ForkedBooter.invokeProviderInSameClassLoader(ForkedBooter.java:384)
	at org.apache.maven.surefire.booter.ForkedBooter.runSuitesInProcess(ForkedBooter.java:345)
	at org.apache.maven.surefire.booter.ForkedBooter.execute(ForkedBooter.java:126)
	at org.apache.maven.surefire.booter.ForkedBooter.main(ForkedBooter.java:418)
]]>
            </full-stacktrace>
          </exception> <!-- java.lang.NullPointerException -->
          <reporter-output>
            <line>
              <![CDATA[After Class]]>
            </line>
          </reporter-output>
        </test-method> <!-- afterClass -->
      </class> <!-- example.LoginPageTest -->
      <class name="example.HeaderComponentTest">
        <test-method is-config="true" signature="beforeClass(java.lang.String, java.lang.String, java.lang.String, java.lang.String, java.lang.String, java.lang.String, java.lang.String)[pri:0, instance:example.HeaderComponentTest@302552ec]" started-at="2020-02-15T19:27:40Z" name="beforeClass" finished-at="2020-02-15T19:27:40Z" duration-ms="0" status="SKIP">
          <reporter-output>
          </reporter-output>
        </test-method> <!-- beforeClass -->
        <test-method signature="shouldDisplayLoginNavMenuItemInHeader(org.openqa.selenium.Dimension)[pri:0, instance:example.HeaderComponentTest@302552ec]" started-at="2020-02-15T19:27:40Z" name="shouldDisplayLoginNavMenuItemInHeader" data-provider="desktop" finished-at="2020-02-15T19:27:40Z" duration-ms="0" status="SKIP">
          <params>
            <param index="0">
              <value>
                <![CDATA[(1440, 1000)]]>
              </value>
            </param>
          </params>
          <reporter-output>
          </reporter-output>
        </test-method> <!-- shouldDisplayLoginNavMenuItemInHeader -->
        <test-method signature="shouldDisplayBlogsNavMenuItemInHeader(org.openqa.selenium.Dimension)[pri:0, instance:example.HeaderComponentTest@302552ec]" started-at="2020-02-15T19:27:40Z" name="shouldDisplayBlogsNavMenuItemInHeader" data-provider="desktop" finished-at="2020-02-15T19:27:40Z" duration-ms="0" status="SKIP">
          <params>
            <param index="0">
              <value>
                <![CDATA[(1440, 1000)]]>
              </value>
            </param>
          </params>
          <reporter-output>
          </reporter-output>
        </test-method> <!-- shouldDisplayBlogsNavMenuItemInHeader -->
        <test-method signature="shouldDisplayNavMenuToggleIconInHeader(org.openqa.selenium.Dimension)[pri:0, instance:example.HeaderComponentTest@302552ec]" started-at="2020-02-15T19:27:40Z" name="shouldDisplayNavMenuToggleIconInHeader" data-provider="lte-laptop" finished-at="2020-02-15T19:27:40Z" duration-ms="0" status="SKIP">
          <params>
            <param index="0">
              <value>
                <![CDATA[(320, 1000)]]>
              </value>
            </param>
          </params>
          <reporter-output>
          </reporter-output>
        </test-method> <!-- shouldDisplayNavMenuToggleIconInHeader -->
        <test-method signature="shouldDisplayNavMenuToggleIconInHeader(org.openqa.selenium.Dimension)[pri:0, instance:example.HeaderComponentTest@302552ec]" started-at="2020-02-15T19:27:40Z" name="shouldDisplayNavMenuToggleIconInHeader" data-provider="lte-laptop" finished-at="2020-02-15T19:27:40Z" duration-ms="0" status="SKIP">
          <params>
            <param index="0">
              <value>
                <![CDATA[(768, 1000)]]>
              </value>
            </param>
          </params>
          <reporter-output>
          </reporter-output>
        </test-method> <!-- shouldDisplayNavMenuToggleIconInHeader -->
        <test-method signature="shouldDisplayNavMenuToggleIconInHeader(org.openqa.selenium.Dimension)[pri:0, instance:example.HeaderComponentTest@302552ec]" started-at="2020-02-15T19:27:40Z" name="shouldDisplayNavMenuToggleIconInHeader" data-provider="lte-laptop" finished-at="2020-02-15T19:27:40Z" duration-ms="2" status="SKIP">
          <params>
            <param index="0">
              <value>
                <![CDATA[(1024, 1000)]]>
              </value>
            </param>
          </params>
          <reporter-output>
          </reporter-output>
        </test-method> <!-- shouldDisplayNavMenuToggleIconInHeader -->
        <test-method signature="shouldDisplaySignupNavMenuItemInHeader(org.openqa.selenium.Dimension)[pri:0, instance:example.HeaderComponentTest@302552ec]" started-at="2020-02-15T19:27:40Z" name="shouldDisplaySignupNavMenuItemInHeader" data-provider="desktop" finished-at="2020-02-15T19:27:40Z" duration-ms="0" status="SKIP">
          <params>
            <param index="0">
              <value>
                <![CDATA[(1440, 1000)]]>
              </value>
            </param>
          </params>
          <reporter-output>
          </reporter-output>
        </test-method> <!-- shouldDisplaySignupNavMenuItemInHeader -->
        <test-method signature="shouldDisplayTitleInHeader(org.openqa.selenium.Dimension)[pri:0, instance:example.HeaderComponentTest@302552ec]" started-at="2020-02-15T19:27:40Z" name="shouldDisplayTitleInHeader" data-provider="all-size" finished-at="2020-02-15T19:27:40Z" duration-ms="0" status="SKIP">
          <params>
            <param index="0">
              <value>
                <![CDATA[(768, 1000)]]>
              </value>
            </param>
          </params>
          <reporter-output>
          </reporter-output>
        </test-method> <!-- shouldDisplayTitleInHeader -->
        <test-method signature="shouldDisplayTitleInHeader(org.openqa.selenium.Dimension)[pri:0, instance:example.HeaderComponentTest@302552ec]" started-at="2020-02-15T19:27:40Z" name="shouldDisplayTitleInHeader" data-provider="all-size" finished-at="2020-02-15T19:27:40Z" duration-ms="1" status="SKIP">
          <params>
            <param index="0">
              <value>
                <![CDATA[(1024, 1000)]]>
              </value>
            </param>
          </params>
          <reporter-output>
          </reporter-output>
        </test-method> <!-- shouldDisplayTitleInHeader -->
        <test-method signature="shouldDisplayTitleInHeader(org.openqa.selenium.Dimension)[pri:0, instance:example.HeaderComponentTest@302552ec]" started-at="2020-02-15T19:27:40Z" name="shouldDisplayTitleInHeader" data-provider="all-size" finished-at="2020-02-15T19:27:40Z" duration-ms="0" status="SKIP">
          <params>
            <param index="0">
              <value>
                <![CDATA[(320, 1000)]]>
              </value>
            </param>
          </params>
          <reporter-output>
          </reporter-output>
        </test-method> <!-- shouldDisplayTitleInHeader -->
        <test-method signature="shouldRouteToBlogListPageWhenClickBlogListLinkAfterOpenMenuBar(org.openqa.selenium.Dimension)[pri:0, instance:example.HeaderComponentTest@302552ec]" started-at="2020-02-15T19:27:40Z" name="shouldRouteToBlogListPageWhenClickBlogListLinkAfterOpenMenuBar" data-provider="lte-laptop" finished-at="2020-02-15T19:27:40Z" duration-ms="0" status="SKIP">
          <params>
            <param index="0">
              <value>
                <![CDATA[(320, 1000)]]>
              </value>
            </param>
          </params>
          <reporter-output>
          </reporter-output>
        </test-method> <!-- shouldRouteToBlogListPageWhenClickBlogListLinkAfterOpenMenuBar -->
        <test-method signature="shouldRouteToBlogListPageWhenClickBlogListLinkAfterOpenMenuBar(org.openqa.selenium.Dimension)[pri:0, instance:example.HeaderComponentTest@302552ec]" started-at="2020-02-15T19:27:40Z" name="shouldRouteToBlogListPageWhenClickBlogListLinkAfterOpenMenuBar" data-provider="lte-laptop" finished-at="2020-02-15T19:27:40Z" duration-ms="0" status="SKIP">
          <params>
            <param index="0">
              <value>
                <![CDATA[(768, 1000)]]>
              </value>
            </param>
          </params>
          <reporter-output>
          </reporter-output>
        </test-method> <!-- shouldRouteToBlogListPageWhenClickBlogListLinkAfterOpenMenuBar -->
        <test-method signature="shouldDisplayTitleInHeader(org.openqa.selenium.Dimension)[pri:0, instance:example.HeaderComponentTest@302552ec]" started-at="2020-02-15T19:27:40Z" name="shouldDisplayTitleInHeader" data-provider="all-size" finished-at="2020-02-15T19:27:40Z" duration-ms="0" status="SKIP">
          <params>
            <param index="0">
              <value>
                <![CDATA[(1440, 1000)]]>
              </value>
            </param>
          </params>
          <reporter-output>
          </reporter-output>
        </test-method> <!-- shouldDisplayTitleInHeader -->
        <test-method signature="shouldRouteToBlogListPageWhenClickBlogListLinkAfterOpenMenuBar(org.openqa.selenium.Dimension)[pri:0, instance:example.HeaderComponentTest@302552ec]" started-at="2020-02-15T19:27:40Z" name="shouldRouteToBlogListPageWhenClickBlogListLinkAfterOpenMenuBar" data-provider="lte-laptop" finished-at="2020-02-15T19:27:40Z" duration-ms="0" status="SKIP">
          <params>
            <param index="0">
              <value>
                <![CDATA[(1024, 1000)]]>
              </value>
            </param>
          </params>
          <reporter-output>
          </reporter-output>
        </test-method> <!-- shouldRouteToBlogListPageWhenClickBlogListLinkAfterOpenMenuBar -->
        <test-method signature="shouldRouteToLoginPageWhenClickLoginLinkAfterOpenMenuBar(org.openqa.selenium.Dimension)[pri:0, instance:example.HeaderComponentTest@302552ec]" started-at="2020-02-15T19:27:40Z" name="shouldRouteToLoginPageWhenClickLoginLinkAfterOpenMenuBar" data-provider="lte-laptop" finished-at="2020-02-15T19:27:40Z" duration-ms="0" status="SKIP">
          <params>
            <param index="0">
              <value>
                <![CDATA[(320, 1000)]]>
              </value>
            </param>
          </params>
          <reporter-output>
          </reporter-output>
        </test-method> <!-- shouldRouteToLoginPageWhenClickLoginLinkAfterOpenMenuBar -->
        <test-method signature="shouldRouteToLoginPageWhenClickLoginLinkAfterOpenMenuBar(org.openqa.selenium.Dimension)[pri:0, instance:example.HeaderComponentTest@302552ec]" started-at="2020-02-15T19:27:40Z" name="shouldRouteToLoginPageWhenClickLoginLinkAfterOpenMenuBar" data-provider="lte-laptop" finished-at="2020-02-15T19:27:40Z" duration-ms="0" status="SKIP">
          <params>
            <param index="0">
              <value>
                <![CDATA[(768, 1000)]]>
              </value>
            </param>
          </params>
          <reporter-output>
          </reporter-output>
        </test-method> <!-- shouldRouteToLoginPageWhenClickLoginLinkAfterOpenMenuBar -->
        <test-method signature="shouldRouteToLoginPageWhenClickLoginLinkAfterOpenMenuBar(org.openqa.selenium.Dimension)[pri:0, instance:example.HeaderComponentTest@302552ec]" started-at="2020-02-15T19:27:40Z" name="shouldRouteToLoginPageWhenClickLoginLinkAfterOpenMenuBar" data-provider="lte-laptop" finished-at="2020-02-15T19:27:40Z" duration-ms="1" status="SKIP">
          <params>
            <param index="0">
              <value>
                <![CDATA[(1024, 1000)]]>
              </value>
            </param>
          </params>
          <reporter-output>
          </reporter-output>
        </test-method> <!-- shouldRouteToLoginPageWhenClickLoginLinkAfterOpenMenuBar -->
        <test-method signature="shouldRouteToBlogListPageWhenClickBlogsLinkInHeader(org.openqa.selenium.Dimension)[pri:0, instance:example.HeaderComponentTest@302552ec]" started-at="2020-02-15T19:27:40Z" name="shouldRouteToBlogListPageWhenClickBlogsLinkInHeader" data-provider="desktop" finished-at="2020-02-15T19:27:40Z" duration-ms="0" status="SKIP">
          <params>
            <param index="0">
              <value>
                <![CDATA[(1440, 1000)]]>
              </value>
            </param>
          </params>
          <reporter-output>
          </reporter-output>
        </test-method> <!-- shouldRouteToBlogListPageWhenClickBlogsLinkInHeader -->
        <test-method signature="shouldRouteToSignupPageWhenClickSignupLinkAfterOpenMenuBar(org.openqa.selenium.Dimension)[pri:0, instance:example.HeaderComponentTest@302552ec]" started-at="2020-02-15T19:27:40Z" name="shouldRouteToSignupPageWhenClickSignupLinkAfterOpenMenuBar" data-provider="lte-laptop" finished-at="2020-02-15T19:27:40Z" duration-ms="0" status="SKIP">
          <params>
            <param index="0">
              <value>
                <![CDATA[(320, 1000)]]>
              </value>
            </param>
          </params>
          <reporter-output>
          </reporter-output>
        </test-method> <!-- shouldRouteToSignupPageWhenClickSignupLinkAfterOpenMenuBar -->
        <test-method signature="shouldRouteToSignupPageWhenClickSignupLinkAfterOpenMenuBar(org.openqa.selenium.Dimension)[pri:0, instance:example.HeaderComponentTest@302552ec]" started-at="2020-02-15T19:27:40Z" name="shouldRouteToSignupPageWhenClickSignupLinkAfterOpenMenuBar" data-provider="lte-laptop" finished-at="2020-02-15T19:27:40Z" duration-ms="0" status="SKIP">
          <params>
            <param index="0">
              <value>
                <![CDATA[(768, 1000)]]>
              </value>
            </param>
          </params>
          <reporter-output>
          </reporter-output>
        </test-method> <!-- shouldRouteToSignupPageWhenClickSignupLinkAfterOpenMenuBar -->
        <test-method signature="shouldRouteToLoginPageWhenClickLoginLinkInHeader(org.openqa.selenium.Dimension)[pri:0, instance:example.HeaderComponentTest@302552ec]" started-at="2020-02-15T19:27:40Z" name="shouldRouteToLoginPageWhenClickLoginLinkInHeader" data-provider="desktop" finished-at="2020-02-15T19:27:40Z" duration-ms="0" status="SKIP">
          <params>
            <param index="0">
              <value>
                <![CDATA[(1440, 1000)]]>
              </value>
            </param>
          </params>
          <reporter-output>
          </reporter-output>
        </test-method> <!-- shouldRouteToLoginPageWhenClickLoginLinkInHeader -->
        <test-method signature="shouldRouteToSignupPageWhenClickSignupLinkInHeader(org.openqa.selenium.Dimension)[pri:0, instance:example.HeaderComponentTest@302552ec]" started-at="2020-02-15T19:27:40Z" name="shouldRouteToSignupPageWhenClickSignupLinkInHeader" data-provider="desktop" finished-at="2020-02-15T19:27:40Z" duration-ms="1" status="SKIP">
          <params>
            <param index="0">
              <value>
                <![CDATA[(1440, 1000)]]>
              </value>
            </param>
          </params>
          <reporter-output>
          </reporter-output>
        </test-method> <!-- shouldRouteToSignupPageWhenClickSignupLinkInHeader -->
        <test-method signature="shouldRouteToSignupPageWhenClickSignupLinkAfterOpenMenuBar(org.openqa.selenium.Dimension)[pri:0, instance:example.HeaderComponentTest@302552ec]" started-at="2020-02-15T19:27:40Z" name="shouldRouteToSignupPageWhenClickSignupLinkAfterOpenMenuBar" data-provider="lte-laptop" finished-at="2020-02-15T19:27:40Z" duration-ms="0" status="SKIP">
          <params>
            <param index="0">
              <value>
                <![CDATA[(1024, 1000)]]>
              </value>
            </param>
          </params>
          <reporter-output>
          </reporter-output>
        </test-method> <!-- shouldRouteToSignupPageWhenClickSignupLinkAfterOpenMenuBar -->
        <test-method is-config="true" signature="afterClass()[pri:0, instance:example.HeaderComponentTest@302552ec]" started-at="2020-02-15T19:27:40Z" name="afterClass" finished-at="2020-02-15T19:27:40Z" duration-ms="0" status="FAIL">
          <exception class="java.lang.NullPointerException">
            <full-stacktrace>
              <![CDATA[java.lang.NullPointerException
	at example.BaseTest.afterClass(BaseTest.java:134)
	at java.base/jdk.internal.reflect.NativeMethodAccessorImpl.invoke0(Native Method)
	at java.base/jdk.internal.reflect.NativeMethodAccessorImpl.invoke(NativeMethodAccessorImpl.java:62)
	at java.base/jdk.internal.reflect.DelegatingMethodAccessorImpl.invoke(DelegatingMethodAccessorImpl.java:43)
	at java.base/java.lang.reflect.Method.invoke(Method.java:566)
	at org.testng.internal.MethodInvocationHelper.invokeMethod(MethodInvocationHelper.java:80)
	at org.testng.internal.Invoker.invokeConfigurationMethod(Invoker.java:564)
	at org.testng.internal.Invoker.invokeConfigurations(Invoker.java:213)
	at org.testng.internal.Invoker.invokeConfigurations(Invoker.java:138)
	at org.testng.internal.TestMethodWorker.invokeAfterClassMethods(TestMethodWorker.java:225)
	at org.testng.internal.TestMethodWorker.run(TestMethodWorker.java:114)
	at org.testng.TestRunner.privateRun(TestRunner.java:767)
	at org.testng.TestRunner.run(TestRunner.java:617)
	at org.testng.SuiteRunner.runTest(SuiteRunner.java:334)
	at org.testng.SuiteRunner.runSequentially(SuiteRunner.java:329)
	at org.testng.SuiteRunner.privateRun(SuiteRunner.java:291)
	at org.testng.SuiteRunner.run(SuiteRunner.java:240)
	at org.testng.SuiteRunnerWorker.runSuite(SuiteRunnerWorker.java:52)
	at org.testng.SuiteRunnerWorker.run(SuiteRunnerWorker.java:86)
	at org.testng.TestNG.runSuitesSequentially(TestNG.java:1198)
	at org.testng.TestNG.runSuitesLocally(TestNG.java:1123)
	at org.testng.TestNG.run(TestNG.java:1031)
	at org.apache.maven.surefire.testng.TestNGExecutor.run(TestNGExecutor.java:135)
	at org.apache.maven.surefire.testng.TestNGDirectoryTestSuite.executeMulti(TestNGDirectoryTestSuite.java:193)
	at org.apache.maven.surefire.testng.TestNGDirectoryTestSuite.execute(TestNGDirectoryTestSuite.java:94)
	at org.apache.maven.surefire.testng.TestNGProvider.invoke(TestNGProvider.java:146)
	at org.apache.maven.surefire.booter.ForkedBooter.invokeProviderInSameClassLoader(ForkedBooter.java:384)
	at org.apache.maven.surefire.booter.ForkedBooter.runSuitesInProcess(ForkedBooter.java:345)
	at org.apache.maven.surefire.booter.ForkedBooter.execute(ForkedBooter.java:126)
	at org.apache.maven.surefire.booter.ForkedBooter.main(ForkedBooter.java:418)
]]>
            </full-stacktrace>
          </exception> <!-- java.lang.NullPointerException -->
          <reporter-output>
            <line>
              <![CDATA[After Class]]>
            </line>
          </reporter-output>
        </test-method> <!-- afterClass -->
      </class> <!-- example.HeaderComponentTest -->
      <class name="example.SignupPageTest">
        <test-method is-config="true" signature="beforeClass(java.lang.String, java.lang.String, java.lang.String, java.lang.String, java.lang.String, java.lang.String, java.lang.String)[pri:0, instance:example.SignupPageTest@fbd1f6]" started-at="2020-02-15T19:27:40Z" name="beforeClass" finished-at="2020-02-15T19:27:40Z" duration-ms="0" status="SKIP">
          <reporter-output>
          </reporter-output>
        </test-method> <!-- beforeClass -->
        <test-method signature="shouldDisplayConfirmInputEmptyValidationErrorWhenItIsFocused(org.openqa.selenium.Dimension)[pri:0, instance:example.SignupPageTest@fbd1f6]" started-at="2020-02-15T19:27:40Z" name="shouldDisplayConfirmInputEmptyValidationErrorWhenItIsFocused" data-provider="all-size" finished-at="2020-02-15T19:27:40Z" duration-ms="0" status="SKIP">
          <params>
            <param index="0">
              <value>
                <![CDATA[(768, 1000)]]>
              </value>
            </param>
          </params>
          <reporter-output>
          </reporter-output>
        </test-method> <!-- shouldDisplayConfirmInputEmptyValidationErrorWhenItIsFocused -->
        <test-method signature="shouldDisplayConfirmInputEmptyValidationErrorWhenItIsFocused(org.openqa.selenium.Dimension)[pri:0, instance:example.SignupPageTest@fbd1f6]" started-at="2020-02-15T19:27:40Z" name="shouldDisplayConfirmInputEmptyValidationErrorWhenItIsFocused" data-provider="all-size" finished-at="2020-02-15T19:27:40Z" duration-ms="1" status="SKIP">
          <params>
            <param index="0">
              <value>
                <![CDATA[(1024, 1000)]]>
              </value>
            </param>
          </params>
          <reporter-output>
          </reporter-output>
        </test-method> <!-- shouldDisplayConfirmInputEmptyValidationErrorWhenItIsFocused -->
        <test-method signature="shouldDisplayConfirmInputEmptyValidationErrorWhenItIsFocused(org.openqa.selenium.Dimension)[pri:0, instance:example.SignupPageTest@fbd1f6]" started-at="2020-02-15T19:27:40Z" name="shouldDisplayConfirmInputEmptyValidationErrorWhenItIsFocused" data-provider="all-size" finished-at="2020-02-15T19:27:40Z" duration-ms="0" status="SKIP">
          <params>
            <param index="0">
              <value>
                <![CDATA[(320, 1000)]]>
              </value>
            </param>
          </params>
          <reporter-output>
          </reporter-output>
        </test-method> <!-- shouldDisplayConfirmInputEmptyValidationErrorWhenItIsFocused -->
        <test-method signature="shouldDisplayEmailInputEmptyValidationErrorWhenItIsFocused(org.openqa.selenium.Dimension)[pri:0, instance:example.SignupPageTest@fbd1f6]" started-at="2020-02-15T19:27:40Z" name="shouldDisplayEmailInputEmptyValidationErrorWhenItIsFocused" data-provider="all-size" finished-at="2020-02-15T19:27:40Z" duration-ms="0" status="SKIP">
          <params>
            <param index="0">
              <value>
                <![CDATA[(320, 1000)]]>
              </value>
            </param>
          </params>
          <reporter-output>
          </reporter-output>
        </test-method> <!-- shouldDisplayEmailInputEmptyValidationErrorWhenItIsFocused -->
        <test-method signature="shouldDisplayEmailInputEmptyValidationErrorWhenItIsFocused(org.openqa.selenium.Dimension)[pri:0, instance:example.SignupPageTest@fbd1f6]" started-at="2020-02-15T19:27:40Z" name="shouldDisplayEmailInputEmptyValidationErrorWhenItIsFocused" data-provider="all-size" finished-at="2020-02-15T19:27:40Z" duration-ms="0" status="SKIP">
          <params>
            <param index="0">
              <value>
                <![CDATA[(1024, 1000)]]>
              </value>
[...]
            </param>
          </params>
          <reporter-output>
          </reporter-output>
        </test-method> <!-- shouldDisplayUpdatedNameAfterOnlyNameChangeRequest -->
        <test-method is-config="true" signature="logout()[pri:0, instance:example.ProfilePageTest@3d285d7e]" started-at="2020-02-15T19:27:40Z" name="logout" finished-at="2020-02-15T19:27:40Z" duration-ms="0" status="SKIP">
          <reporter-output>
          </reporter-output>
        </test-method> <!-- logout -->
        <test-method is-config="true" signature="logout()[pri:0, instance:example.ProfilePageTest@3d285d7e]" started-at="2020-02-15T19:27:40Z" name="logout" finished-at="2020-02-15T19:27:40Z" duration-ms="0" status="SKIP">
          <reporter-output>
          </reporter-output>
        </test-method> <!-- logout -->
        <test-method is-config="true" signature="logout()[pri:0, instance:example.ProfilePageTest@3d285d7e]" started-at="2020-02-15T19:27:40Z" name="logout" finished-at="2020-02-15T19:27:40Z" duration-ms="0" status="SKIP">
          <reporter-output>
          </reporter-output>
        </test-method> <!-- logout -->
        <test-method is-config="true" signature="logout()[pri:0, instance:example.ProfilePageTest@3d285d7e]" started-at="2020-02-15T19:27:40Z" name="logout" finished-at="2020-02-15T19:27:40Z" duration-ms="0" status="SKIP">
          <reporter-output>
          </reporter-output>
        </test-method> <!-- logout -->
        <test-method signature="shouldDisplayUpdatedPasswordAfterOnlyPasswordChangeRequest(org.openqa.selenium.Dimension)[pri:0, instance:example.ProfilePageTest@3d285d7e]" started-at="2020-02-15T19:27:40Z" name="shouldDisplayUpdatedPasswordAfterOnlyPasswordChangeRequest" data-provider="all-size" finished-at="2020-02-15T19:27:40Z" duration-ms="0" status="SKIP">
          <params>
            <param index="0">
              <value>
                <![CDATA[(1440, 1000)]]>
              </value>
            </param>
          </params>
          <reporter-output>
          </reporter-output>
        </test-method> <!-- shouldDisplayUpdatedPasswordAfterOnlyPasswordChangeRequest -->
        <test-method is-config="true" signature="logout()[pri:0, instance:example.ProfilePageTest@3d285d7e]" started-at="2020-02-15T19:27:40Z" name="logout" finished-at="2020-02-15T19:27:40Z" duration-ms="0" status="SKIP">
          <reporter-output>
          </reporter-output>
        </test-method> <!-- logout -->
        <test-method signature="shouldDisplayUpdatedPasswordAfterOnlyPasswordChangeRequest(org.openqa.selenium.Dimension)[pri:0, instance:example.ProfilePageTest@3d285d7e]" started-at="2020-02-15T19:27:40Z" name="shouldDisplayUpdatedPasswordAfterOnlyPasswordChangeRequest" data-provider="all-size" finished-at="2020-02-15T19:27:40Z" duration-ms="0" status="SKIP">
          <params>
            <param index="0">
              <value>
                <![CDATA[(1024, 1000)]]>
              </value>
            </param>
          </params>
          <reporter-output>
          </reporter-output>
        </test-method> <!-- shouldDisplayUpdatedPasswordAfterOnlyPasswordChangeRequest -->
        <test-method is-config="true" signature="logout()[pri:0, instance:example.ProfilePageTest@3d285d7e]" started-at="2020-02-15T19:27:40Z" name="logout" finished-at="2020-02-15T19:27:40Z" duration-ms="0" status="SKIP">
          <reporter-output>
          </reporter-output>
        </test-method> <!-- logout -->
        <test-method signature="shouldDisplayUpdatedPasswordAfterOnlyPasswordChangeRequest(org.openqa.selenium.Dimension)[pri:0, instance:example.ProfilePageTest@3d285d7e]" started-at="2020-02-15T19:27:40Z" name="shouldDisplayUpdatedPasswordAfterOnlyPasswordChangeRequest" data-provider="all-size" finished-at="2020-02-15T19:27:40Z" duration-ms="0" status="SKIP">
          <params>
            <param index="0">
              <value>
                <![CDATA[(320, 1000)]]>
              </value>
            </param>
          </params>
          <reporter-output>
          </reporter-output>
        </test-method> <!-- shouldDisplayUpdatedPasswordAfterOnlyPasswordChangeRequest -->
        <test-method is-config="true" signature="logout()[pri:0, instance:example.ProfilePageTest@3d285d7e]" started-at="2020-02-15T19:27:40Z" name="logout" finished-at="2020-02-15T19:27:40Z" duration-ms="0" status="SKIP">
          <reporter-output>
          </reporter-output>
        </test-method> <!-- logout -->
        <test-method signature="shouldDisplayUpdatedPasswordAfterOnlyPasswordChangeRequest(org.openqa.selenium.Dimension)[pri:0, instance:example.ProfilePageTest@3d285d7e]" started-at="2020-02-15T19:27:40Z" name="shouldDisplayUpdatedPasswordAfterOnlyPasswordChangeRequest" data-provider="all-size" finished-at="2020-02-15T19:27:40Z" duration-ms="0" status="SKIP">
          <params>
            <param index="0">
              <value>
                <![CDATA[(768, 1000)]]>
              </value>
            </param>
          </params>
          <reporter-output>
          </reporter-output>
        </test-method> <!-- shouldDisplayUpdatedPasswordAfterOnlyPasswordChangeRequest -->
        <test-method signature="shouldRouteUserBlogManagementPageWhenClickTheLink(org.openqa.selenium.Dimension)[pri:0, instance:example.ProfilePageTest@3d285d7e]" started-at="2020-02-15T19:27:40Z" name="shouldRouteUserBlogManagementPageWhenClickTheLink" data-provider="all-size" finished-at="2020-02-15T19:27:40Z" duration-ms="4" status="SKIP">
          <params>
            <param index="0">
              <value>
                <![CDATA[(320, 1000)]]>
              </value>
            </param>
          </params>
          <reporter-output>
          </reporter-output>
        </test-method> <!-- shouldRouteUserBlogManagementPageWhenClickTheLink -->
        <test-method is-config="true" signature="logout()[pri:0, instance:example.ProfilePageTest@3d285d7e]" started-at="2020-02-15T19:27:40Z" name="logout" finished-at="2020-02-15T19:27:40Z" duration-ms="0" status="SKIP">
          <reporter-output>
          </reporter-output>
        </test-method> <!-- logout -->
        <test-method is-config="true" signature="logout()[pri:0, instance:example.ProfilePageTest@3d285d7e]" started-at="2020-02-15T19:27:40Z" name="logout" finished-at="2020-02-15T19:27:40Z" duration-ms="0" status="SKIP">
          <reporter-output>
          </reporter-output>
        </test-method> <!-- logout -->
        <test-method signature="shouldRouteUserBlogManagementPageWhenClickTheLink(org.openqa.selenium.Dimension)[pri:0, instance:example.ProfilePageTest@3d285d7e]" started-at="2020-02-15T19:27:40Z" name="shouldRouteUserBlogManagementPageWhenClickTheLink" data-provider="all-size" finished-at="2020-02-15T19:27:40Z" duration-ms="1" status="SKIP">
          <params>
            <param index="0">
              <value>
                <![CDATA[(768, 1000)]]>
              </value>
            </param>
          </params>
          <reporter-output>
          </reporter-output>
        </test-method> <!-- shouldRouteUserBlogManagementPageWhenClickTheLink -->
        <test-method is-config="true" signature="logout()[pri:0, instance:example.ProfilePageTest@3d285d7e]" started-at="2020-02-15T19:27:40Z" name="logout" finished-at="2020-02-15T19:27:40Z" duration-ms="0" status="SKIP">
          <reporter-output>
          </reporter-output>
        </test-method> <!-- logout -->
        <test-method is-config="true" signature="logout()[pri:0, instance:example.ProfilePageTest@3d285d7e]" started-at="2020-02-15T19:27:40Z" name="logout" finished-at="2020-02-15T19:27:40Z" duration-ms="0" status="SKIP">
          <reporter-output>
          </reporter-output>
        </test-method> <!-- logout -->
        <test-method signature="shouldUnchangeExistingAvatarImage(org.openqa.selenium.Dimension)[pri:0, instance:example.ProfilePageTest@3d285d7e]" started-at="2020-02-15T19:27:40Z" name="shouldUnchangeExistingAvatarImage" data-provider="all-size" finished-at="2020-02-15T19:27:40Z" duration-ms="0" status="SKIP">
          <params>
            <param index="0">
              <value>
                <![CDATA[(768, 1000)]]>
              </value>
            </param>
          </params>
          <reporter-output>
          </reporter-output>
        </test-method> <!-- shouldUnchangeExistingAvatarImage -->
        <test-method is-config="true" signature="logout()[pri:0, instance:example.ProfilePageTest@3d285d7e]" started-at="2020-02-15T19:27:40Z" name="logout" finished-at="2020-02-15T19:27:40Z" duration-ms="0" status="SKIP">
          <reporter-output>
          </reporter-output>
        </test-method> <!-- logout -->
        <test-method signature="shouldRouteUserBlogManagementPageWhenClickTheLink(org.openqa.selenium.Dimension)[pri:0, instance:example.ProfilePageTest@3d285d7e]" started-at="2020-02-15T19:27:40Z" name="shouldRouteUserBlogManagementPageWhenClickTheLink" data-provider="all-size" finished-at="2020-02-15T19:27:40Z" duration-ms="0" status="SKIP">
          <params>
            <param index="0">
              <value>
                <![CDATA[(1440, 1000)]]>
              </value>
            </param>
          </params>
          <reporter-output>
          </reporter-output>
        </test-method> <!-- shouldRouteUserBlogManagementPageWhenClickTheLink -->
        <test-method signature="shouldUnchangeExistingAvatarImage(org.openqa.selenium.Dimension)[pri:0, instance:example.ProfilePageTest@3d285d7e]" started-at="2020-02-15T19:27:40Z" name="shouldUnchangeExistingAvatarImage" data-provider="all-size" finished-at="2020-02-15T19:27:40Z" duration-ms="0" status="SKIP">
          <params>
            <param index="0">
              <value>
                <![CDATA[(320, 1000)]]>
              </value>
            </param>
          </params>
          <reporter-output>
          </reporter-output>
        </test-method> <!-- shouldUnchangeExistingAvatarImage -->
        <test-method is-config="true" signature="logout()[pri:0, instance:example.ProfilePageTest@3d285d7e]" started-at="2020-02-15T19:27:40Z" name="logout" finished-at="2020-02-15T19:27:40Z" duration-ms="0" status="SKIP">
          <reporter-output>
          </reporter-output>
        </test-method> <!-- logout -->
        <test-method signature="shouldRouteUserBlogManagementPageWhenClickTheLink(org.openqa.selenium.Dimension)[pri:0, instance:example.ProfilePageTest@3d285d7e]" started-at="2020-02-15T19:27:40Z" name="shouldRouteUserBlogManagementPageWhenClickTheLink" data-provider="all-size" finished-at="2020-02-15T19:27:40Z" duration-ms="0" status="SKIP">
          <params>
            <param index="0">
              <value>
                <![CDATA[(1024, 1000)]]>
              </value>
            </param>
          </params>
          <reporter-output>
          </reporter-output>
        </test-method> <!-- shouldRouteUserBlogManagementPageWhenClickTheLink -->
        <test-method signature="shouldUnchangeExistingAvatarImage(org.openqa.selenium.Dimension)[pri:0, instance:example.ProfilePageTest@3d285d7e]" started-at="2020-02-15T19:27:40Z" name="shouldUnchangeExistingAvatarImage" data-provider="all-size" finished-at="2020-02-15T19:27:40Z" duration-ms="1" status="SKIP">
          <params>
            <param index="0">
              <value>
                <![CDATA[(1024, 1000)]]>
              </value>
            </param>
          </params>
          <reporter-output>
          </reporter-output>
        </test-method> <!-- shouldUnchangeExistingAvatarImage -->
        <test-method is-config="true" signature="logout()[pri:0, instance:example.ProfilePageTest@3d285d7e]" started-at="2020-02-15T19:27:40Z" name="logout" finished-at="2020-02-15T19:27:40Z" duration-ms="0" status="SKIP">
          <reporter-output>
          </reporter-output>
        </test-method> <!-- logout -->
        <test-method is-config="true" signature="logout()[pri:0, instance:example.ProfilePageTest@3d285d7e]" started-at="2020-02-15T19:27:40Z" name="logout" finished-at="2020-02-15T19:27:40Z" duration-ms="0" status="SKIP">
          <reporter-output>
          </reporter-output>
        </test-method> <!-- logout -->
        <test-method is-config="true" signature="logout()[pri:0, instance:example.ProfilePageTest@3d285d7e]" started-at="2020-02-15T19:27:40Z" name="logout" finished-at="2020-02-15T19:27:40Z" duration-ms="0" status="SKIP">
          <reporter-output>
          </reporter-output>
        </test-method> <!-- logout -->
        <test-method is-config="true" signature="logout()[pri:0, instance:example.ProfilePageTest@3d285d7e]" started-at="2020-02-15T19:27:40Z" name="logout" finished-at="2020-02-15T19:27:40Z" duration-ms="0" status="SKIP">
          <reporter-output>
          </reporter-output>
        </test-method> <!-- logout -->
        <test-method is-config="true" signature="logout()[pri:0, instance:example.ProfilePageTest@3d285d7e]" started-at="2020-02-15T19:27:40Z" name="logout" finished-at="2020-02-15T19:27:40Z" duration-ms="0" status="SKIP">
          <reporter-output>
          </reporter-output>
        </test-method> <!-- logout -->
        <test-method signature="shouldUpdateExistingAvatarImageWithNewOne(org.openqa.selenium.Dimension)[pri:0, instance:example.ProfilePageTest@3d285d7e]" started-at="2020-02-15T19:27:40Z" name="shouldUpdateExistingAvatarImageWithNewOne" data-provider="all-size" finished-at="2020-02-15T19:27:40Z" duration-ms="0" status="SKIP">
          <params>
            <param index="0">
              <value>
                <![CDATA[(768, 1000)]]>
              </value>
            </param>
          </params>
          <reporter-output>
          </reporter-output>
        </test-method> <!-- shouldUpdateExistingAvatarImageWithNewOne -->
        <test-method signature="shouldUpdateExistingAvatarImageWithNewOne(org.openqa.selenium.Dimension)[pri:0, instance:example.ProfilePageTest@3d285d7e]" started-at="2020-02-15T19:27:40Z" name="shouldUpdateExistingAvatarImageWithNewOne" data-provider="all-size" finished-at="2020-02-15T19:27:40Z" duration-ms="0" status="SKIP">
          <params>
            <param index="0">
              <value>
                <![CDATA[(320, 1000)]]>
              </value>
            </param>
          </params>
          <reporter-output>
          </reporter-output>
        </test-method> <!-- shouldUpdateExistingAvatarImageWithNewOne -->
        <test-method signature="shouldUnchangeExistingAvatarImage(org.openqa.selenium.Dimension)[pri:0, instance:example.ProfilePageTest@3d285d7e]" started-at="2020-02-15T19:27:40Z" name="shouldUnchangeExistingAvatarImage" data-provider="all-size" finished-at="2020-02-15T19:27:40Z" duration-ms="0" status="SKIP">
          <params>
            <param index="0">
              <value>
                <![CDATA[(1440, 1000)]]>
              </value>
            </param>
          </params>
          <reporter-output>
          </reporter-output>
        </test-method> <!-- shouldUnchangeExistingAvatarImage -->
        <test-method is-config="true" signature="logout()[pri:0, instance:example.ProfilePageTest@3d285d7e]" started-at="2020-02-15T19:27:40Z" name="logout" finished-at="2020-02-15T19:27:40Z" duration-ms="0" status="SKIP">
          <reporter-output>
          </reporter-output>
        </test-method> <!-- logout -->
        <test-method signature="shouldUpdateExistingAvatarImageWithNewOne(org.openqa.selenium.Dimension)[pri:0, instance:example.ProfilePageTest@3d285d7e]" started-at="2020-02-15T19:27:40Z" name="shouldUpdateExistingAvatarImageWithNewOne" data-provider="all-size" finished-at="2020-02-15T19:27:40Z" duration-ms="0" status="SKIP">
          <params>
            <param index="0">
              <value>
                <![CDATA[(1440, 1000)]]>
              </value>
            </param>
          </params>
          <reporter-output>
          </reporter-output>
        </test-method> <!-- shouldUpdateExistingAvatarImageWithNewOne -->
        <test-method signature="shouldUpdateExistingAvatarImageWithNewOne(org.openqa.selenium.Dimension)[pri:0, instance:example.ProfilePageTest@3d285d7e]" started-at="2020-02-15T19:27:40Z" name="shouldUpdateExistingAvatarImageWithNewOne" data-provider="all-size" finished-at="2020-02-15T19:27:40Z" duration-ms="0" status="SKIP">
          <params>
            <param index="0">
              <value>
                <![CDATA[(1024, 1000)]]>
              </value>
            </param>
          </params>
          <reporter-output>
          </reporter-output>
        </test-method> <!-- shouldUpdateExistingAvatarImageWithNewOne -->
        <test-method is-config="true" signature="logout()[pri:0, instance:example.ProfilePageTest@3d285d7e]" started-at="2020-02-15T19:27:40Z" name="logout" finished-at="2020-02-15T19:27:40Z" duration-ms="0" status="SKIP">
          <reporter-output>
          </reporter-output>
        </test-method> <!-- logout -->
        <test-method is-config="true" signature="afterClass()[pri:0, instance:example.ProfilePageTest@3d285d7e]" started-at="2020-02-15T19:27:40Z" name="afterClass" finished-at="2020-02-15T19:27:40Z" duration-ms="0" status="FAIL">
          <exception class="java.lang.NullPointerException">
            <full-stacktrace>
              <![CDATA[java.lang.NullPointerException
	at example.BaseTest.afterClass(BaseTest.java:134)
	at java.base/jdk.internal.reflect.NativeMethodAccessorImpl.invoke0(Native Method)
	at java.base/jdk.internal.reflect.NativeMethodAccessorImpl.invoke(NativeMethodAccessorImpl.java:62)
	at java.base/jdk.internal.reflect.DelegatingMethodAccessorImpl.invoke(DelegatingMethodAccessorImpl.java:43)
	at java.base/java.lang.reflect.Method.invoke(Method.java:566)
	at org.testng.internal.MethodInvocationHelper.invokeMethod(MethodInvocationHelper.java:80)
	at org.testng.internal.Invoker.invokeConfigurationMethod(Invoker.java:564)
	at org.testng.internal.Invoker.invokeConfigurations(Invoker.java:213)
	at org.testng.internal.Invoker.invokeConfigurations(Invoker.java:138)
	at org.testng.internal.TestMethodWorker.invokeAfterClassMethods(TestMethodWorker.java:225)
	at org.testng.internal.TestMethodWorker.run(TestMethodWorker.java:114)
	at org.testng.TestRunner.privateRun(TestRunner.java:767)
	at org.testng.TestRunner.run(TestRunner.java:617)
	at org.testng.SuiteRunner.runTest(SuiteRunner.java:334)
	at org.testng.SuiteRunner.runSequentially(SuiteRunner.java:329)
	at org.testng.SuiteRunner.privateRun(SuiteRunner.java:291)
	at org.testng.SuiteRunner.run(SuiteRunner.java:240)
	at org.testng.SuiteRunnerWorker.runSuite(SuiteRunnerWorker.java:52)
	at org.testng.SuiteRunnerWorker.run(SuiteRunnerWorker.java:86)
	at org.testng.TestNG.runSuitesSequentially(TestNG.java:1198)
	at org.testng.TestNG.runSuitesLocally(TestNG.java:1123)
	at org.testng.TestNG.run(TestNG.java:1031)
	at org.apache.maven.surefire.testng.TestNGExecutor.run(TestNGExecutor.java:135)
	at org.apache.maven.surefire.testng.TestNGDirectoryTestSuite.executeMulti(TestNGDirectoryTestSuite.java:193)
	at org.apache.maven.surefire.testng.TestNGDirectoryTestSuite.execute(TestNGDirectoryTestSuite.java:94)
	at org.apache.maven.surefire.testng.TestNGProvider.invoke(TestNGProvider.java:146)
	at org.apache.maven.surefire.booter.ForkedBooter.invokeProviderInSameClassLoader(ForkedBooter.java:384)
	at org.apache.maven.surefire.booter.ForkedBooter.runSuitesInProcess(ForkedBooter.java:345)
	at org.apache.maven.surefire.booter.ForkedBooter.execute(ForkedBooter.java:126)
	at org.apache.maven.surefire.booter.ForkedBooter.main(ForkedBooter.java:418)
]]>
            </full-stacktrace>
          </exception> <!-- java.lang.NullPointerException -->
          <reporter-output>
            <line>
              <![CDATA[After Class]]>
            </line>
          </reporter-output>
        </test-method> <!-- afterClass -->
      </class> <!-- example.ProfilePageTest -->
    </test> <!-- Surefire test -->
  </suite> <!-- Surefire suite -->
</testng-results>
